{"C:\\Users\\Eva\\Desktop\\RIRS_naloga_git\\frontend\\src\\App.js": {"path":"C:\\Users\\Eva\\Desktop\\RIRS_naloga_git\\frontend\\src\\App.js","statementMap":{"0":{"start":{"line":15,"column":2},"end":{"line":66,"column":4}}},"fnMap":{"0":{"name":"App","decl":{"start":{"line":14,"column":9},"end":{"line":14,"column":12}},"loc":{"start":{"line":14,"column":15},"end":{"line":67,"column":1}},"line":14}},"branchMap":{},"s":{"0":5},"f":{"0":5},"b":{},"_coverageSchema":"1a1c01bbd47fc00a2c39e90264f33305004495a9","hash":"e9629e3b38fe4fee285b53620f282a1abe0f1ea3"}
,"C:\\Users\\Eva\\Desktop\\RIRS_naloga_git\\frontend\\src\\index.js": {"path":"C:\\Users\\Eva\\Desktop\\RIRS_naloga_git\\frontend\\src\\index.js","statementMap":{"0":{"start":{"line":6,"column":13},"end":{"line":6,"column":65}},"1":{"start":{"line":7,"column":0},"end":{"line":11,"column":2}}},"fnMap":{},"branchMap":{},"s":{"0":0,"1":0},"f":{},"b":{}}
,"C:\\Users\\Eva\\Desktop\\RIRS_naloga_git\\frontend\\src\\config\\api.js": {"path":"C:\\Users\\Eva\\Desktop\\RIRS_naloga_git\\frontend\\src\\config\\api.js","statementMap":{"0":{"start":{"line":4,"column":22},"end":{"line":11,"column":1}},"1":{"start":{"line":14,"column":23},"end":{"line":19,"column":2}},"2":{"start":{"line":21,"column":27},"end":{"line":26,"column":2}},"3":{"start":{"line":28,"column":24},"end":{"line":33,"column":2}},"4":{"start":{"line":35,"column":24},"end":{"line":40,"column":2}},"5":{"start":{"line":42,"column":26},"end":{"line":47,"column":2}},"6":{"start":{"line":49,"column":31},"end":{"line":54,"column":2}},"7":{"start":{"line":57,"column":30},"end":{"line":65,"column":1}},"8":{"start":{"line":58,"column":2},"end":{"line":64,"column":4}},"9":{"start":{"line":59,"column":16},"end":{"line":59,"column":24}},"10":{"start":{"line":61,"column":6},"end":{"line":61,"column":41}},"11":{"start":{"line":62,"column":6},"end":{"line":62,"column":35}},"12":{"start":{"line":67,"column":0},"end":{"line":67,"column":31}},"13":{"start":{"line":68,"column":0},"end":{"line":68,"column":35}},"14":{"start":{"line":69,"column":0},"end":{"line":69,"column":32}},"15":{"start":{"line":70,"column":0},"end":{"line":70,"column":32}},"16":{"start":{"line":71,"column":0},"end":{"line":71,"column":34}},"17":{"start":{"line":72,"column":0},"end":{"line":72,"column":39}}},"fnMap":{"0":{"name":"(anonymous_0)","decl":{"start":{"line":57,"column":30},"end":{"line":57,"column":31}},"loc":{"start":{"line":57,"column":47},"end":{"line":65,"column":1}},"line":57},"1":{"name":"(anonymous_1)","decl":{"start":{"line":59,"column":4},"end":{"line":59,"column":5}},"loc":{"start":{"line":59,"column":16},"end":{"line":59,"column":24}},"line":59},"2":{"name":"(anonymous_2)","decl":{"start":{"line":60,"column":4},"end":{"line":60,"column":5}},"loc":{"start":{"line":60,"column":13},"end":{"line":63,"column":5}},"line":60}},"branchMap":{"0":{"loc":{"start":{"line":5,"column":8},"end":{"line":5,"column":73}},"type":"binary-expr","locations":[{"start":{"line":5,"column":8},"end":{"line":5,"column":46}},{"start":{"line":5,"column":50},"end":{"line":5,"column":73}}],"line":5},"1":{"loc":{"start":{"line":6,"column":12},"end":{"line":6,"column":81}},"type":"binary-expr","locations":[{"start":{"line":6,"column":12},"end":{"line":6,"column":54}},{"start":{"line":6,"column":58},"end":{"line":6,"column":81}}],"line":6},"2":{"loc":{"start":{"line":7,"column":9},"end":{"line":7,"column":75}},"type":"binary-expr","locations":[{"start":{"line":7,"column":9},"end":{"line":7,"column":48}},{"start":{"line":7,"column":52},"end":{"line":7,"column":75}}],"line":7},"3":{"loc":{"start":{"line":8,"column":9},"end":{"line":8,"column":75}},"type":"binary-expr","locations":[{"start":{"line":8,"column":9},"end":{"line":8,"column":48}},{"start":{"line":8,"column":52},"end":{"line":8,"column":75}}],"line":8},"4":{"loc":{"start":{"line":9,"column":11},"end":{"line":9,"column":79}},"type":"binary-expr","locations":[{"start":{"line":9,"column":11},"end":{"line":9,"column":52}},{"start":{"line":9,"column":56},"end":{"line":9,"column":79}}],"line":9},"5":{"loc":{"start":{"line":10,"column":16},"end":{"line":10,"column":89}},"type":"binary-expr","locations":[{"start":{"line":10,"column":16},"end":{"line":10,"column":62}},{"start":{"line":10,"column":66},"end":{"line":10,"column":89}}],"line":10}},"s":{"0":2,"1":2,"2":2,"3":2,"4":2,"5":2,"6":2,"7":2,"8":12,"9":0,"10":0,"11":0,"12":2,"13":2,"14":2,"15":2,"16":2,"17":2},"f":{"0":12,"1":0,"2":0},"b":{"0":[2,0],"1":[2,0],"2":[2,0],"3":[2,0],"4":[2,0],"5":[2,0]},"_coverageSchema":"1a1c01bbd47fc00a2c39e90264f33305004495a9","hash":"02235fccbf2724b321b4bcc152756268e59fc50e"}
,"C:\\Users\\Eva\\Desktop\\RIRS_naloga_git\\frontend\\src\\pages\\Dashboard.js": {"path":"C:\\Users\\Eva\\Desktop\\RIRS_naloga_git\\frontend\\src\\pages\\Dashboard.js","statementMap":{"0":{"start":{"line":5,"column":2},"end":{"line":47,"column":4}}},"fnMap":{"0":{"name":"Dashboard","decl":{"start":{"line":4,"column":9},"end":{"line":4,"column":18}},"loc":{"start":{"line":4,"column":21},"end":{"line":48,"column":1}},"line":4}},"branchMap":{},"s":{"0":5},"f":{"0":5},"b":{},"_coverageSchema":"1a1c01bbd47fc00a2c39e90264f33305004495a9","hash":"22cc2934b75b1dcd2d76b5a09927a1ebaacac112"}
,"C:\\Users\\Eva\\Desktop\\RIRS_naloga_git\\frontend\\src\\pages\\Merchants.js": {"path":"C:\\Users\\Eva\\Desktop\\RIRS_naloga_git\\frontend\\src\\pages\\Merchants.js","statementMap":{"0":{"start":{"line":6,"column":36},"end":{"line":6,"column":48}},"1":{"start":{"line":7,"column":32},"end":{"line":7,"column":47}},"2":{"start":{"line":8,"column":28},"end":{"line":8,"column":42}},"3":{"start":{"line":9,"column":34},"end":{"line":13,"column":4}},"4":{"start":{"line":15,"column":2},"end":{"line":17,"column":9}},"5":{"start":{"line":16,"column":4},"end":{"line":16,"column":21}},"6":{"start":{"line":19,"column":25},"end":{"line":31,"column":3}},"7":{"start":{"line":20,"column":4},"end":{"line":20,"column":21}},"8":{"start":{"line":21,"column":4},"end":{"line":21,"column":19}},"9":{"start":{"line":22,"column":4},"end":{"line":30,"column":5}},"10":{"start":{"line":23,"column":23},"end":{"line":23,"column":58}},"11":{"start":{"line":24,"column":6},"end":{"line":24,"column":34}},"12":{"start":{"line":26,"column":6},"end":{"line":26,"column":60}},"13":{"start":{"line":27,"column":6},"end":{"line":27,"column":25}},"14":{"start":{"line":29,"column":6},"end":{"line":29,"column":24}},"15":{"start":{"line":33,"column":28},"end":{"line":39,"column":3}},"16":{"start":{"line":34,"column":28},"end":{"line":34,"column":36}},"17":{"start":{"line":35,"column":4},"end":{"line":38,"column":8}},"18":{"start":{"line":35,"column":25},"end":{"line":38,"column":5}},"19":{"start":{"line":41,"column":23},"end":{"line":52,"column":3}},"20":{"start":{"line":42,"column":4},"end":{"line":42,"column":23}},"21":{"start":{"line":43,"column":4},"end":{"line":51,"column":5}},"22":{"start":{"line":44,"column":6},"end":{"line":44,"column":53}},"23":{"start":{"line":45,"column":6},"end":{"line":45,"column":63}},"24":{"start":{"line":46,"column":6},"end":{"line":46,"column":23}},"25":{"start":{"line":47,"column":6},"end":{"line":47,"column":46}},"26":{"start":{"line":49,"column":6},"end":{"line":49,"column":57}},"27":{"start":{"line":50,"column":6},"end":{"line":50,"column":25}},"28":{"start":{"line":54,"column":2},"end":{"line":107,"column":4}},"29":{"start":{"line":97,"column":14},"end":{"line":101,"column":20}}},"fnMap":{"0":{"name":"Merchants","decl":{"start":{"line":5,"column":9},"end":{"line":5,"column":18}},"loc":{"start":{"line":5,"column":21},"end":{"line":108,"column":1}},"line":5},"1":{"name":"(anonymous_1)","decl":{"start":{"line":15,"column":12},"end":{"line":15,"column":13}},"loc":{"start":{"line":15,"column":18},"end":{"line":17,"column":3}},"line":15},"2":{"name":"(anonymous_2)","decl":{"start":{"line":19,"column":25},"end":{"line":19,"column":26}},"loc":{"start":{"line":19,"column":37},"end":{"line":31,"column":3}},"line":19},"3":{"name":"(anonymous_3)","decl":{"start":{"line":33,"column":28},"end":{"line":33,"column":29}},"loc":{"start":{"line":33,"column":35},"end":{"line":39,"column":3}},"line":33},"4":{"name":"(anonymous_4)","decl":{"start":{"line":35,"column":16},"end":{"line":35,"column":17}},"loc":{"start":{"line":35,"column":25},"end":{"line":38,"column":5}},"line":35},"5":{"name":"(anonymous_5)","decl":{"start":{"line":41,"column":23},"end":{"line":41,"column":24}},"loc":{"start":{"line":41,"column":36},"end":{"line":52,"column":3}},"line":41},"6":{"name":"(anonymous_6)","decl":{"start":{"line":96,"column":27},"end":{"line":96,"column":28}},"loc":{"start":{"line":97,"column":14},"end":{"line":101,"column":20}},"line":97}},"branchMap":{"0":{"loc":{"start":{"line":92,"column":11},"end":{"line":92,"column":39}},"type":"binary-expr","locations":[{"start":{"line":92,"column":11},"end":{"line":92,"column":18}},{"start":{"line":92,"column":22},"end":{"line":92,"column":39}}],"line":92},"1":{"loc":{"start":{"line":93,"column":11},"end":{"line":93,"column":52}},"type":"binary-expr","locations":[{"start":{"line":93,"column":11},"end":{"line":93,"column":16}},{"start":{"line":93,"column":20},"end":{"line":93,"column":52}}],"line":93},"2":{"loc":{"start":{"line":94,"column":11},"end":{"line":94,"column":74}},"type":"binary-expr","locations":[{"start":{"line":94,"column":11},"end":{"line":94,"column":33}},{"start":{"line":94,"column":37},"end":{"line":94,"column":45}},{"start":{"line":94,"column":49},"end":{"line":94,"column":74}}],"line":94}},"s":{"0":0,"1":0,"2":0,"3":0,"4":0,"5":0,"6":0,"7":0,"8":0,"9":0,"10":0,"11":0,"12":0,"13":0,"14":0,"15":0,"16":0,"17":0,"18":0,"19":0,"20":0,"21":0,"22":0,"23":0,"24":0,"25":0,"26":0,"27":0,"28":0,"29":0},"f":{"0":0,"1":0,"2":0,"3":0,"4":0,"5":0,"6":0},"b":{"0":[0,0],"1":[0,0],"2":[0,0,0]},"_coverageSchema":"1a1c01bbd47fc00a2c39e90264f33305004495a9","hash":"a466dba5c89ddc20763f3906bb7c203e9e03d2b3"}
,"C:\\Users\\Eva\\Desktop\\RIRS_naloga_git\\frontend\\src\\pages\\Notifications.js": {"path":"C:\\Users\\Eva\\Desktop\\RIRS_naloga_git\\frontend\\src\\pages\\Notifications.js","statementMap":{"0":{"start":{"line":6,"column":44},"end":{"line":6,"column":56}},"1":{"start":{"line":7,"column":32},"end":{"line":7,"column":47}},"2":{"start":{"line":8,"column":28},"end":{"line":8,"column":42}},"3":{"start":{"line":9,"column":34},"end":{"line":13,"column":4}},"4":{"start":{"line":15,"column":2},"end":{"line":17,"column":9}},"5":{"start":{"line":16,"column":4},"end":{"line":16,"column":25}},"6":{"start":{"line":19,"column":29},"end":{"line":31,"column":3}},"7":{"start":{"line":20,"column":4},"end":{"line":20,"column":21}},"8":{"start":{"line":21,"column":4},"end":{"line":21,"column":19}},"9":{"start":{"line":22,"column":4},"end":{"line":30,"column":5}},"10":{"start":{"line":23,"column":23},"end":{"line":23,"column":66}},"11":{"start":{"line":24,"column":6},"end":{"line":24,"column":38}},"12":{"start":{"line":26,"column":6},"end":{"line":26,"column":64}},"13":{"start":{"line":27,"column":6},"end":{"line":27,"column":25}},"14":{"start":{"line":29,"column":6},"end":{"line":29,"column":24}},"15":{"start":{"line":33,"column":28},"end":{"line":39,"column":3}},"16":{"start":{"line":34,"column":28},"end":{"line":34,"column":36}},"17":{"start":{"line":35,"column":4},"end":{"line":38,"column":8}},"18":{"start":{"line":35,"column":25},"end":{"line":38,"column":5}},"19":{"start":{"line":41,"column":23},"end":{"line":52,"column":3}},"20":{"start":{"line":42,"column":4},"end":{"line":42,"column":23}},"21":{"start":{"line":43,"column":4},"end":{"line":51,"column":5}},"22":{"start":{"line":44,"column":6},"end":{"line":44,"column":61}},"23":{"start":{"line":45,"column":6},"end":{"line":45,"column":59}},"24":{"start":{"line":46,"column":6},"end":{"line":46,"column":27}},"25":{"start":{"line":47,"column":6},"end":{"line":47,"column":47}},"26":{"start":{"line":49,"column":6},"end":{"line":49,"column":59}},"27":{"start":{"line":50,"column":6},"end":{"line":50,"column":25}},"28":{"start":{"line":54,"column":2},"end":{"line":109,"column":4}},"29":{"start":{"line":99,"column":14},"end":{"line":103,"column":20}}},"fnMap":{"0":{"name":"Notifications","decl":{"start":{"line":5,"column":9},"end":{"line":5,"column":22}},"loc":{"start":{"line":5,"column":25},"end":{"line":110,"column":1}},"line":5},"1":{"name":"(anonymous_1)","decl":{"start":{"line":15,"column":12},"end":{"line":15,"column":13}},"loc":{"start":{"line":15,"column":18},"end":{"line":17,"column":3}},"line":15},"2":{"name":"(anonymous_2)","decl":{"start":{"line":19,"column":29},"end":{"line":19,"column":30}},"loc":{"start":{"line":19,"column":41},"end":{"line":31,"column":3}},"line":19},"3":{"name":"(anonymous_3)","decl":{"start":{"line":33,"column":28},"end":{"line":33,"column":29}},"loc":{"start":{"line":33,"column":35},"end":{"line":39,"column":3}},"line":33},"4":{"name":"(anonymous_4)","decl":{"start":{"line":35,"column":16},"end":{"line":35,"column":17}},"loc":{"start":{"line":35,"column":25},"end":{"line":38,"column":5}},"line":35},"5":{"name":"(anonymous_5)","decl":{"start":{"line":41,"column":23},"end":{"line":41,"column":24}},"loc":{"start":{"line":41,"column":36},"end":{"line":52,"column":3}},"line":41},"6":{"name":"(anonymous_6)","decl":{"start":{"line":98,"column":31},"end":{"line":98,"column":32}},"loc":{"start":{"line":99,"column":14},"end":{"line":103,"column":20}},"line":99}},"branchMap":{"0":{"loc":{"start":{"line":94,"column":11},"end":{"line":94,"column":39}},"type":"binary-expr","locations":[{"start":{"line":94,"column":11},"end":{"line":94,"column":18}},{"start":{"line":94,"column":22},"end":{"line":94,"column":39}}],"line":94},"1":{"loc":{"start":{"line":95,"column":11},"end":{"line":95,"column":52}},"type":"binary-expr","locations":[{"start":{"line":95,"column":11},"end":{"line":95,"column":16}},{"start":{"line":95,"column":20},"end":{"line":95,"column":52}}],"line":95},"2":{"loc":{"start":{"line":96,"column":11},"end":{"line":96,"column":82}},"type":"binary-expr","locations":[{"start":{"line":96,"column":11},"end":{"line":96,"column":37}},{"start":{"line":96,"column":41},"end":{"line":96,"column":49}},{"start":{"line":96,"column":53},"end":{"line":96,"column":82}}],"line":96}},"s":{"0":0,"1":0,"2":0,"3":0,"4":0,"5":0,"6":0,"7":0,"8":0,"9":0,"10":0,"11":0,"12":0,"13":0,"14":0,"15":0,"16":0,"17":0,"18":0,"19":0,"20":0,"21":0,"22":0,"23":0,"24":0,"25":0,"26":0,"27":0,"28":0,"29":0},"f":{"0":0,"1":0,"2":0,"3":0,"4":0,"5":0,"6":0},"b":{"0":[0,0],"1":[0,0],"2":[0,0,0]},"_coverageSchema":"1a1c01bbd47fc00a2c39e90264f33305004495a9","hash":"010a8a6d03069a5e8a66914ff087e5878a523cd3"}
,"C:\\Users\\Eva\\Desktop\\RIRS_naloga_git\\frontend\\src\\pages\\Offers.js": {"path":"C:\\Users\\Eva\\Desktop\\RIRS_naloga_git\\frontend\\src\\pages\\Offers.js","statementMap":{"0":{"start":{"line":6,"column":30},"end":{"line":6,"column":42}},"1":{"start":{"line":7,"column":32},"end":{"line":7,"column":47}},"2":{"start":{"line":8,"column":28},"end":{"line":8,"column":42}},"3":{"start":{"line":9,"column":34},"end":{"line":14,"column":4}},"4":{"start":{"line":16,"column":2},"end":{"line":18,"column":9}},"5":{"start":{"line":17,"column":4},"end":{"line":17,"column":18}},"6":{"start":{"line":20,"column":22},"end":{"line":32,"column":3}},"7":{"start":{"line":21,"column":4},"end":{"line":21,"column":21}},"8":{"start":{"line":22,"column":4},"end":{"line":22,"column":19}},"9":{"start":{"line":23,"column":4},"end":{"line":31,"column":5}},"10":{"start":{"line":24,"column":23},"end":{"line":24,"column":52}},"11":{"start":{"line":25,"column":6},"end":{"line":25,"column":31}},"12":{"start":{"line":27,"column":6},"end":{"line":27,"column":57}},"13":{"start":{"line":28,"column":6},"end":{"line":28,"column":25}},"14":{"start":{"line":30,"column":6},"end":{"line":30,"column":24}},"15":{"start":{"line":34,"column":28},"end":{"line":40,"column":3}},"16":{"start":{"line":35,"column":28},"end":{"line":35,"column":36}},"17":{"start":{"line":36,"column":4},"end":{"line":39,"column":8}},"18":{"start":{"line":36,"column":25},"end":{"line":39,"column":5}},"19":{"start":{"line":42,"column":23},"end":{"line":53,"column":3}},"20":{"start":{"line":43,"column":4},"end":{"line":43,"column":23}},"21":{"start":{"line":44,"column":4},"end":{"line":52,"column":5}},"22":{"start":{"line":45,"column":6},"end":{"line":45,"column":47}},"23":{"start":{"line":46,"column":6},"end":{"line":46,"column":92}},"24":{"start":{"line":47,"column":6},"end":{"line":47,"column":20}},"25":{"start":{"line":48,"column":6},"end":{"line":48,"column":43}},"26":{"start":{"line":50,"column":6},"end":{"line":50,"column":54}},"27":{"start":{"line":51,"column":6},"end":{"line":51,"column":25}},"28":{"start":{"line":55,"column":2},"end":{"line":116,"column":4}},"29":{"start":{"line":106,"column":14},"end":{"line":110,"column":20}}},"fnMap":{"0":{"name":"Offers","decl":{"start":{"line":5,"column":9},"end":{"line":5,"column":15}},"loc":{"start":{"line":5,"column":18},"end":{"line":117,"column":1}},"line":5},"1":{"name":"(anonymous_1)","decl":{"start":{"line":16,"column":12},"end":{"line":16,"column":13}},"loc":{"start":{"line":16,"column":18},"end":{"line":18,"column":3}},"line":16},"2":{"name":"(anonymous_2)","decl":{"start":{"line":20,"column":22},"end":{"line":20,"column":23}},"loc":{"start":{"line":20,"column":34},"end":{"line":32,"column":3}},"line":20},"3":{"name":"(anonymous_3)","decl":{"start":{"line":34,"column":28},"end":{"line":34,"column":29}},"loc":{"start":{"line":34,"column":35},"end":{"line":40,"column":3}},"line":34},"4":{"name":"(anonymous_4)","decl":{"start":{"line":36,"column":16},"end":{"line":36,"column":17}},"loc":{"start":{"line":36,"column":25},"end":{"line":39,"column":5}},"line":36},"5":{"name":"(anonymous_5)","decl":{"start":{"line":42,"column":23},"end":{"line":42,"column":24}},"loc":{"start":{"line":42,"column":36},"end":{"line":53,"column":3}},"line":42},"6":{"name":"(anonymous_6)","decl":{"start":{"line":105,"column":24},"end":{"line":105,"column":25}},"loc":{"start":{"line":106,"column":14},"end":{"line":110,"column":20}},"line":106}},"branchMap":{"0":{"loc":{"start":{"line":101,"column":11},"end":{"line":101,"column":39}},"type":"binary-expr","locations":[{"start":{"line":101,"column":11},"end":{"line":101,"column":18}},{"start":{"line":101,"column":22},"end":{"line":101,"column":39}}],"line":101},"1":{"loc":{"start":{"line":102,"column":11},"end":{"line":102,"column":52}},"type":"binary-expr","locations":[{"start":{"line":102,"column":11},"end":{"line":102,"column":16}},{"start":{"line":102,"column":20},"end":{"line":102,"column":52}}],"line":102},"2":{"loc":{"start":{"line":103,"column":11},"end":{"line":103,"column":68}},"type":"binary-expr","locations":[{"start":{"line":103,"column":11},"end":{"line":103,"column":30}},{"start":{"line":103,"column":34},"end":{"line":103,"column":42}},{"start":{"line":103,"column":46},"end":{"line":103,"column":68}}],"line":103},"3":{"loc":{"start":{"line":109,"column":17},"end":{"line":109,"column":91}},"type":"binary-expr","locations":[{"start":{"line":109,"column":17},"end":{"line":109,"column":42}},{"start":{"line":109,"column":46},"end":{"line":109,"column":91}}],"line":109}},"s":{"0":19,"1":18,"2":18,"3":18,"4":18,"5":6,"6":18,"7":7,"8":7,"9":7,"10":7,"11":7,"12":0,"13":0,"14":7,"15":18,"16":3,"17":3,"18":3,"19":18,"20":1,"21":1,"22":1,"23":1,"24":1,"25":1,"26":0,"27":0,"28":18,"29":3},"f":{"0":19,"1":6,"2":7,"3":3,"4":3,"5":1,"6":3},"b":{"0":[18,9],"1":[18,0],"2":[18,16,7],"3":[3,3]},"_coverageSchema":"1a1c01bbd47fc00a2c39e90264f33305004495a9","hash":"1f2e29454bb5ed85540a5c2671598b57839a3344"}
,"C:\\Users\\Eva\\Desktop\\RIRS_naloga_git\\frontend\\src\\pages\\Orders.js": {"path":"C:\\Users\\Eva\\Desktop\\RIRS_naloga_git\\frontend\\src\\pages\\Orders.js","statementMap":{"0":{"start":{"line":6,"column":30},"end":{"line":6,"column":42}},"1":{"start":{"line":7,"column":32},"end":{"line":7,"column":47}},"2":{"start":{"line":8,"column":28},"end":{"line":8,"column":42}},"3":{"start":{"line":10,"column":2},"end":{"line":12,"column":9}},"4":{"start":{"line":11,"column":4},"end":{"line":11,"column":18}},"5":{"start":{"line":14,"column":22},"end":{"line":26,"column":3}},"6":{"start":{"line":15,"column":4},"end":{"line":15,"column":21}},"7":{"start":{"line":16,"column":4},"end":{"line":16,"column":19}},"8":{"start":{"line":17,"column":4},"end":{"line":25,"column":5}},"9":{"start":{"line":18,"column":23},"end":{"line":18,"column":52}},"10":{"start":{"line":19,"column":6},"end":{"line":19,"column":31}},"11":{"start":{"line":21,"column":6},"end":{"line":21,"column":57}},"12":{"start":{"line":22,"column":6},"end":{"line":22,"column":25}},"13":{"start":{"line":24,"column":6},"end":{"line":24,"column":24}},"14":{"start":{"line":28,"column":2},"end":{"line":51,"column":4}},"15":{"start":{"line":42,"column":12},"end":{"line":46,"column":18}}},"fnMap":{"0":{"name":"Orders","decl":{"start":{"line":5,"column":9},"end":{"line":5,"column":15}},"loc":{"start":{"line":5,"column":18},"end":{"line":52,"column":1}},"line":5},"1":{"name":"(anonymous_1)","decl":{"start":{"line":10,"column":12},"end":{"line":10,"column":13}},"loc":{"start":{"line":10,"column":18},"end":{"line":12,"column":3}},"line":10},"2":{"name":"(anonymous_2)","decl":{"start":{"line":14,"column":22},"end":{"line":14,"column":23}},"loc":{"start":{"line":14,"column":34},"end":{"line":26,"column":3}},"line":14},"3":{"name":"(anonymous_3)","decl":{"start":{"line":41,"column":22},"end":{"line":41,"column":23}},"loc":{"start":{"line":42,"column":12},"end":{"line":46,"column":18}},"line":42}},"branchMap":{"0":{"loc":{"start":{"line":37,"column":9},"end":{"line":37,"column":37}},"type":"binary-expr","locations":[{"start":{"line":37,"column":9},"end":{"line":37,"column":16}},{"start":{"line":37,"column":20},"end":{"line":37,"column":37}}],"line":37},"1":{"loc":{"start":{"line":38,"column":9},"end":{"line":38,"column":50}},"type":"binary-expr","locations":[{"start":{"line":38,"column":9},"end":{"line":38,"column":14}},{"start":{"line":38,"column":18},"end":{"line":38,"column":50}}],"line":38},"2":{"loc":{"start":{"line":39,"column":9},"end":{"line":39,"column":66}},"type":"binary-expr","locations":[{"start":{"line":39,"column":9},"end":{"line":39,"column":28}},{"start":{"line":39,"column":32},"end":{"line":39,"column":40}},{"start":{"line":39,"column":44},"end":{"line":39,"column":66}}],"line":39},"3":{"loc":{"start":{"line":44,"column":26},"end":{"line":44,"column":51}},"type":"binary-expr","locations":[{"start":{"line":44,"column":26},"end":{"line":44,"column":38}},{"start":{"line":44,"column":42},"end":{"line":44,"column":51}}],"line":44},"4":{"loc":{"start":{"line":45,"column":26},"end":{"line":45,"column":47}},"type":"binary-expr","locations":[{"start":{"line":45,"column":26},"end":{"line":45,"column":37}},{"start":{"line":45,"column":41},"end":{"line":45,"column":47}}],"line":45}},"s":{"0":0,"1":0,"2":0,"3":0,"4":0,"5":0,"6":0,"7":0,"8":0,"9":0,"10":0,"11":0,"12":0,"13":0,"14":0,"15":0},"f":{"0":0,"1":0,"2":0,"3":0},"b":{"0":[0,0],"1":[0,0],"2":[0,0,0],"3":[0,0],"4":[0,0]},"_coverageSchema":"1a1c01bbd47fc00a2c39e90264f33305004495a9","hash":"9ea0474192b239c8fda8e7fece4e8491949f52de"}
,"C:\\Users\\Eva\\Desktop\\RIRS_naloga_git\\frontend\\src\\pages\\Payments.js": {"path":"C:\\Users\\Eva\\Desktop\\RIRS_naloga_git\\frontend\\src\\pages\\Payments.js","statementMap":{"0":{"start":{"line":6,"column":34},"end":{"line":6,"column":46}},"1":{"start":{"line":7,"column":32},"end":{"line":7,"column":47}},"2":{"start":{"line":8,"column":28},"end":{"line":8,"column":42}},"3":{"start":{"line":9,"column":34},"end":{"line":15,"column":4}},"4":{"start":{"line":17,"column":2},"end":{"line":19,"column":9}},"5":{"start":{"line":18,"column":4},"end":{"line":18,"column":20}},"6":{"start":{"line":21,"column":24},"end":{"line":33,"column":3}},"7":{"start":{"line":22,"column":4},"end":{"line":22,"column":21}},"8":{"start":{"line":23,"column":4},"end":{"line":23,"column":19}},"9":{"start":{"line":24,"column":4},"end":{"line":32,"column":5}},"10":{"start":{"line":25,"column":23},"end":{"line":25,"column":56}},"11":{"start":{"line":26,"column":6},"end":{"line":26,"column":33}},"12":{"start":{"line":28,"column":6},"end":{"line":28,"column":59}},"13":{"start":{"line":29,"column":6},"end":{"line":29,"column":25}},"14":{"start":{"line":31,"column":6},"end":{"line":31,"column":24}},"15":{"start":{"line":35,"column":28},"end":{"line":41,"column":3}},"16":{"start":{"line":36,"column":28},"end":{"line":36,"column":36}},"17":{"start":{"line":37,"column":4},"end":{"line":40,"column":8}},"18":{"start":{"line":37,"column":25},"end":{"line":40,"column":5}},"19":{"start":{"line":43,"column":23},"end":{"line":54,"column":3}},"20":{"start":{"line":44,"column":4},"end":{"line":44,"column":23}},"21":{"start":{"line":45,"column":4},"end":{"line":53,"column":5}},"22":{"start":{"line":46,"column":6},"end":{"line":46,"column":51}},"23":{"start":{"line":47,"column":6},"end":{"line":47,"column":94}},"24":{"start":{"line":48,"column":6},"end":{"line":48,"column":22}},"25":{"start":{"line":49,"column":6},"end":{"line":49,"column":47}},"26":{"start":{"line":51,"column":6},"end":{"line":51,"column":57}},"27":{"start":{"line":52,"column":6},"end":{"line":52,"column":25}},"28":{"start":{"line":56,"column":2},"end":{"line":129,"column":4}},"29":{"start":{"line":119,"column":14},"end":{"line":123,"column":20}}},"fnMap":{"0":{"name":"Payments","decl":{"start":{"line":5,"column":9},"end":{"line":5,"column":17}},"loc":{"start":{"line":5,"column":20},"end":{"line":130,"column":1}},"line":5},"1":{"name":"(anonymous_1)","decl":{"start":{"line":17,"column":12},"end":{"line":17,"column":13}},"loc":{"start":{"line":17,"column":18},"end":{"line":19,"column":3}},"line":17},"2":{"name":"(anonymous_2)","decl":{"start":{"line":21,"column":24},"end":{"line":21,"column":25}},"loc":{"start":{"line":21,"column":36},"end":{"line":33,"column":3}},"line":21},"3":{"name":"(anonymous_3)","decl":{"start":{"line":35,"column":28},"end":{"line":35,"column":29}},"loc":{"start":{"line":35,"column":35},"end":{"line":41,"column":3}},"line":35},"4":{"name":"(anonymous_4)","decl":{"start":{"line":37,"column":16},"end":{"line":37,"column":17}},"loc":{"start":{"line":37,"column":25},"end":{"line":40,"column":5}},"line":37},"5":{"name":"(anonymous_5)","decl":{"start":{"line":43,"column":23},"end":{"line":43,"column":24}},"loc":{"start":{"line":43,"column":36},"end":{"line":54,"column":3}},"line":43},"6":{"name":"(anonymous_6)","decl":{"start":{"line":118,"column":26},"end":{"line":118,"column":27}},"loc":{"start":{"line":119,"column":14},"end":{"line":123,"column":20}},"line":119}},"branchMap":{"0":{"loc":{"start":{"line":114,"column":11},"end":{"line":114,"column":39}},"type":"binary-expr","locations":[{"start":{"line":114,"column":11},"end":{"line":114,"column":18}},{"start":{"line":114,"column":22},"end":{"line":114,"column":39}}],"line":114},"1":{"loc":{"start":{"line":115,"column":11},"end":{"line":115,"column":52}},"type":"binary-expr","locations":[{"start":{"line":115,"column":11},"end":{"line":115,"column":16}},{"start":{"line":115,"column":20},"end":{"line":115,"column":52}}],"line":115},"2":{"loc":{"start":{"line":116,"column":11},"end":{"line":116,"column":72}},"type":"binary-expr","locations":[{"start":{"line":116,"column":11},"end":{"line":116,"column":32}},{"start":{"line":116,"column":36},"end":{"line":116,"column":44}},{"start":{"line":116,"column":48},"end":{"line":116,"column":72}}],"line":116},"3":{"loc":{"start":{"line":121,"column":29},"end":{"line":121,"column":53}},"type":"binary-expr","locations":[{"start":{"line":121,"column":29},"end":{"line":121,"column":43}},{"start":{"line":121,"column":47},"end":{"line":121,"column":53}}],"line":121},"4":{"loc":{"start":{"line":122,"column":28},"end":{"line":122,"column":55}},"type":"binary-expr","locations":[{"start":{"line":122,"column":28},"end":{"line":122,"column":42}},{"start":{"line":122,"column":46},"end":{"line":122,"column":55}}],"line":122}},"s":{"0":18,"1":17,"2":17,"3":17,"4":17,"5":5,"6":17,"7":6,"8":6,"9":6,"10":6,"11":6,"12":0,"13":0,"14":6,"15":17,"16":5,"17":5,"18":5,"19":17,"20":1,"21":1,"22":1,"23":1,"24":1,"25":1,"26":0,"27":0,"28":17,"29":2},"f":{"0":18,"1":5,"2":6,"3":5,"4":5,"5":1,"6":2},"b":{"0":[17,10],"1":[17,0],"2":[17,16,6],"3":[2,0],"4":[2,0]},"_coverageSchema":"1a1c01bbd47fc00a2c39e90264f33305004495a9","hash":"31e492b9698f9b1f402764074c523b4b2be23608"}
,"C:\\Users\\Eva\\Desktop\\RIRS_naloga_git\\frontend\\src\\pages\\Users.js": {"path":"C:\\Users\\Eva\\Desktop\\RIRS_naloga_git\\frontend\\src\\pages\\Users.js","statementMap":{"0":{"start":{"line":6,"column":28},"end":{"line":6,"column":40}},"1":{"start":{"line":7,"column":32},"end":{"line":7,"column":47}},"2":{"start":{"line":8,"column":28},"end":{"line":8,"column":42}},"3":{"start":{"line":9,"column":34},"end":{"line":13,"column":4}},"4":{"start":{"line":15,"column":2},"end":{"line":17,"column":9}},"5":{"start":{"line":16,"column":4},"end":{"line":16,"column":17}},"6":{"start":{"line":19,"column":21},"end":{"line":31,"column":3}},"7":{"start":{"line":20,"column":4},"end":{"line":20,"column":21}},"8":{"start":{"line":21,"column":4},"end":{"line":21,"column":19}},"9":{"start":{"line":22,"column":4},"end":{"line":30,"column":5}},"10":{"start":{"line":23,"column":23},"end":{"line":23,"column":50}},"11":{"start":{"line":24,"column":6},"end":{"line":24,"column":30}},"12":{"start":{"line":26,"column":6},"end":{"line":26,"column":56}},"13":{"start":{"line":27,"column":6},"end":{"line":27,"column":25}},"14":{"start":{"line":29,"column":6},"end":{"line":29,"column":24}},"15":{"start":{"line":33,"column":28},"end":{"line":39,"column":3}},"16":{"start":{"line":34,"column":28},"end":{"line":34,"column":36}},"17":{"start":{"line":35,"column":4},"end":{"line":38,"column":8}},"18":{"start":{"line":35,"column":25},"end":{"line":38,"column":5}},"19":{"start":{"line":41,"column":23},"end":{"line":52,"column":3}},"20":{"start":{"line":42,"column":4},"end":{"line":42,"column":23}},"21":{"start":{"line":43,"column":4},"end":{"line":51,"column":5}},"22":{"start":{"line":44,"column":6},"end":{"line":44,"column":45}},"23":{"start":{"line":45,"column":6},"end":{"line":45,"column":61}},"24":{"start":{"line":46,"column":6},"end":{"line":46,"column":19}},"25":{"start":{"line":47,"column":6},"end":{"line":47,"column":42}},"26":{"start":{"line":49,"column":6},"end":{"line":49,"column":53}},"27":{"start":{"line":50,"column":6},"end":{"line":50,"column":25}},"28":{"start":{"line":54,"column":2},"end":{"line":110,"column":4}},"29":{"start":{"line":100,"column":14},"end":{"line":104,"column":20}}},"fnMap":{"0":{"name":"Users","decl":{"start":{"line":5,"column":9},"end":{"line":5,"column":14}},"loc":{"start":{"line":5,"column":17},"end":{"line":111,"column":1}},"line":5},"1":{"name":"(anonymous_1)","decl":{"start":{"line":15,"column":12},"end":{"line":15,"column":13}},"loc":{"start":{"line":15,"column":18},"end":{"line":17,"column":3}},"line":15},"2":{"name":"(anonymous_2)","decl":{"start":{"line":19,"column":21},"end":{"line":19,"column":22}},"loc":{"start":{"line":19,"column":33},"end":{"line":31,"column":3}},"line":19},"3":{"name":"(anonymous_3)","decl":{"start":{"line":33,"column":28},"end":{"line":33,"column":29}},"loc":{"start":{"line":33,"column":35},"end":{"line":39,"column":3}},"line":33},"4":{"name":"(anonymous_4)","decl":{"start":{"line":35,"column":16},"end":{"line":35,"column":17}},"loc":{"start":{"line":35,"column":25},"end":{"line":38,"column":5}},"line":35},"5":{"name":"(anonymous_5)","decl":{"start":{"line":41,"column":23},"end":{"line":41,"column":24}},"loc":{"start":{"line":41,"column":36},"end":{"line":52,"column":3}},"line":41},"6":{"name":"(anonymous_6)","decl":{"start":{"line":99,"column":23},"end":{"line":99,"column":24}},"loc":{"start":{"line":100,"column":14},"end":{"line":104,"column":20}},"line":100}},"branchMap":{"0":{"loc":{"start":{"line":95,"column":11},"end":{"line":95,"column":39}},"type":"binary-expr","locations":[{"start":{"line":95,"column":11},"end":{"line":95,"column":18}},{"start":{"line":95,"column":22},"end":{"line":95,"column":39}}],"line":95},"1":{"loc":{"start":{"line":96,"column":11},"end":{"line":96,"column":52}},"type":"binary-expr","locations":[{"start":{"line":96,"column":11},"end":{"line":96,"column":16}},{"start":{"line":96,"column":20},"end":{"line":96,"column":52}}],"line":96},"2":{"loc":{"start":{"line":97,"column":11},"end":{"line":97,"column":66}},"type":"binary-expr","locations":[{"start":{"line":97,"column":11},"end":{"line":97,"column":29}},{"start":{"line":97,"column":33},"end":{"line":97,"column":41}},{"start":{"line":97,"column":45},"end":{"line":97,"column":66}}],"line":97}},"s":{"0":21,"1":20,"2":20,"3":20,"4":20,"5":7,"6":20,"7":8,"8":8,"9":8,"10":8,"11":6,"12":1,"13":1,"14":7,"15":20,"16":3,"17":3,"18":3,"19":20,"20":1,"21":1,"22":1,"23":1,"24":1,"25":1,"26":0,"27":0,"28":20,"29":2},"f":{"0":21,"1":7,"2":8,"3":3,"4":3,"5":1,"6":2},"b":{"0":[20,10],"1":[20,1],"2":[20,19,9]},"_coverageSchema":"1a1c01bbd47fc00a2c39e90264f33305004495a9","hash":"b8a8f7ac6e919d60b14a3fe66b099c8a3e4fec2f"}
}
