TN:
SF:src\App.js
FN:14,App
FNF:1
FNH:1
FNDA:5,App
DA:15,5
LF:1
LH:1
BRF:0
BRH:0
end_of_record
TN:
SF:src\index.js
FNF:0
FNH:0
DA:6,0
DA:7,0
LF:2
LH:0
BRF:0
BRH:0
end_of_record
TN:
SF:src\config\api.js
FN:57,(anonymous_0)
FN:59,(anonymous_1)
FN:60,(anonymous_2)
FNF:3
FNH:1
FNDA:12,(anonymous_0)
FNDA:0,(anonymous_1)
FNDA:0,(anonymous_2)
DA:4,2
DA:14,2
DA:21,2
DA:28,2
DA:35,2
DA:42,2
DA:49,2
DA:57,2
DA:58,12
DA:59,0
DA:61,0
DA:62,0
DA:67,2
DA:68,2
DA:69,2
DA:70,2
DA:71,2
DA:72,2
LF:18
LH:15
BRDA:5,0,0,2
BRDA:5,0,1,0
BRDA:6,1,0,2
BRDA:6,1,1,0
BRDA:7,2,0,2
BRDA:7,2,1,0
BRDA:8,3,0,2
BRDA:8,3,1,0
BRDA:9,4,0,2
BRDA:9,4,1,0
BRDA:10,5,0,2
BRDA:10,5,1,0
BRF:12
BRH:6
end_of_record
TN:
SF:src\pages\Dashboard.js
FN:4,Dashboard
FNF:1
FNH:1
FNDA:5,Dashboard
DA:5,5
LF:1
LH:1
BRF:0
BRH:0
end_of_record
TN:
SF:src\pages\Merchants.js
FN:5,Merchants
FN:15,(anonymous_1)
FN:19,(anonymous_2)
FN:33,(anonymous_3)
FN:35,(anonymous_4)
FN:41,(anonymous_5)
FN:96,(anonymous_6)
FNF:7
FNH:0
FNDA:0,Merchants
FNDA:0,(anonymous_1)
FNDA:0,(anonymous_2)
FNDA:0,(anonymous_3)
FNDA:0,(anonymous_4)
FNDA:0,(anonymous_5)
FNDA:0,(anonymous_6)
DA:6,0
DA:7,0
DA:8,0
DA:9,0
DA:15,0
DA:16,0
DA:19,0
DA:20,0
DA:21,0
DA:22,0
DA:23,0
DA:24,0
DA:26,0
DA:27,0
DA:29,0
DA:33,0
DA:34,0
DA:35,0
DA:41,0
DA:42,0
DA:43,0
DA:44,0
DA:45,0
DA:46,0
DA:47,0
DA:49,0
DA:50,0
DA:54,0
DA:97,0
LF:29
LH:0
BRDA:92,0,0,0
BRDA:92,0,1,0
BRDA:93,1,0,0
BRDA:93,1,1,0
BRDA:94,2,0,0
BRDA:94,2,1,0
BRDA:94,2,2,0
BRF:7
BRH:0
end_of_record
TN:
SF:src\pages\Notifications.js
FN:5,Notifications
FN:15,(anonymous_1)
FN:19,(anonymous_2)
FN:33,(anonymous_3)
FN:35,(anonymous_4)
FN:41,(anonymous_5)
FN:98,(anonymous_6)
FNF:7
FNH:0
FNDA:0,Notifications
FNDA:0,(anonymous_1)
FNDA:0,(anonymous_2)
FNDA:0,(anonymous_3)
FNDA:0,(anonymous_4)
FNDA:0,(anonymous_5)
FNDA:0,(anonymous_6)
DA:6,0
DA:7,0
DA:8,0
DA:9,0
DA:15,0
DA:16,0
DA:19,0
DA:20,0
DA:21,0
DA:22,0
DA:23,0
DA:24,0
DA:26,0
DA:27,0
DA:29,0
DA:33,0
DA:34,0
DA:35,0
DA:41,0
DA:42,0
DA:43,0
DA:44,0
DA:45,0
DA:46,0
DA:47,0
DA:49,0
DA:50,0
DA:54,0
DA:99,0
LF:29
LH:0
BRDA:94,0,0,0
BRDA:94,0,1,0
BRDA:95,1,0,0
BRDA:95,1,1,0
BRDA:96,2,0,0
BRDA:96,2,1,0
BRDA:96,2,2,0
BRF:7
BRH:0
end_of_record
TN:
SF:src\pages\Offers.js
FN:5,Offers
FN:16,(anonymous_1)
FN:20,(anonymous_2)
FN:34,(anonymous_3)
FN:36,(anonymous_4)
FN:42,(anonymous_5)
FN:105,(anonymous_6)
FNF:7
FNH:7
FNDA:19,Offers
FNDA:6,(anonymous_1)
FNDA:7,(anonymous_2)
FNDA:3,(anonymous_3)
FNDA:3,(anonymous_4)
FNDA:1,(anonymous_5)
FNDA:3,(anonymous_6)
DA:6,19
DA:7,18
DA:8,18
DA:9,18
DA:16,18
DA:17,6
DA:20,18
DA:21,7
DA:22,7
DA:23,7
DA:24,7
DA:25,7
DA:27,0
DA:28,0
DA:30,7
DA:34,18
DA:35,3
DA:36,3
DA:42,18
DA:43,1
DA:44,1
DA:45,1
DA:46,1
DA:47,1
DA:48,1
DA:50,0
DA:51,0
DA:55,18
DA:106,3
LF:29
LH:25
BRDA:101,0,0,18
BRDA:101,0,1,9
BRDA:102,1,0,18
BRDA:102,1,1,0
BRDA:103,2,0,18
BRDA:103,2,1,16
BRDA:103,2,2,7
BRDA:109,3,0,3
BRDA:109,3,1,3
BRF:9
BRH:8
end_of_record
TN:
SF:src\pages\Orders.js
FN:5,Orders
FN:10,(anonymous_1)
FN:14,(anonymous_2)
FN:41,(anonymous_3)
FNF:4
FNH:0
FNDA:0,Orders
FNDA:0,(anonymous_1)
FNDA:0,(anonymous_2)
FNDA:0,(anonymous_3)
DA:6,0
DA:7,0
DA:8,0
DA:10,0
DA:11,0
DA:14,0
DA:15,0
DA:16,0
DA:17,0
DA:18,0
DA:19,0
DA:21,0
DA:22,0
DA:24,0
DA:28,0
DA:42,0
LF:16
LH:0
BRDA:37,0,0,0
BRDA:37,0,1,0
BRDA:38,1,0,0
BRDA:38,1,1,0
BRDA:39,2,0,0
BRDA:39,2,1,0
BRDA:39,2,2,0
BRDA:44,3,0,0
BRDA:44,3,1,0
BRDA:45,4,0,0
BRDA:45,4,1,0
BRF:11
BRH:0
end_of_record
TN:
SF:src\pages\Payments.js
FN:5,Payments
FN:17,(anonymous_1)
FN:21,(anonymous_2)
FN:35,(anonymous_3)
FN:37,(anonymous_4)
FN:43,(anonymous_5)
FN:118,(anonymous_6)
FNF:7
FNH:7
FNDA:18,Payments
FNDA:5,(anonymous_1)
FNDA:6,(anonymous_2)
FNDA:5,(anonymous_3)
FNDA:5,(anonymous_4)
FNDA:1,(anonymous_5)
FNDA:2,(anonymous_6)
DA:6,18
DA:7,17
DA:8,17
DA:9,17
DA:17,17
DA:18,5
DA:21,17
DA:22,6
DA:23,6
DA:24,6
DA:25,6
DA:26,6
DA:28,0
DA:29,0
DA:31,6
DA:35,17
DA:36,5
DA:37,5
DA:43,17
DA:44,1
DA:45,1
DA:46,1
DA:47,1
DA:48,1
DA:49,1
DA:51,0
DA:52,0
DA:56,17
DA:119,2
LF:29
LH:25
BRDA:114,0,0,17
BRDA:114,0,1,10
BRDA:115,1,0,17
BRDA:115,1,1,0
BRDA:116,2,0,17
BRDA:116,2,1,16
BRDA:116,2,2,6
BRDA:121,3,0,2
BRDA:121,3,1,0
BRDA:122,4,0,2
BRDA:122,4,1,0
BRF:11
BRH:8
end_of_record
TN:
SF:src\pages\Users.js
FN:5,Users
FN:15,(anonymous_1)
FN:19,(anonymous_2)
FN:33,(anonymous_3)
FN:35,(anonymous_4)
FN:41,(anonymous_5)
FN:99,(anonymous_6)
FNF:7
FNH:7
FNDA:21,Users
FNDA:7,(anonymous_1)
FNDA:8,(anonymous_2)
FNDA:3,(anonymous_3)
FNDA:3,(anonymous_4)
FNDA:1,(anonymous_5)
FNDA:2,(anonymous_6)
DA:6,21
DA:7,20
DA:8,20
DA:9,20
DA:15,20
DA:16,7
DA:19,20
DA:20,8
DA:21,8
DA:22,8
DA:23,8
DA:24,6
DA:26,1
DA:27,1
DA:29,7
DA:33,20
DA:34,3
DA:35,3
DA:41,20
DA:42,1
DA:43,1
DA:44,1
DA:45,1
DA:46,1
DA:47,1
DA:49,0
DA:50,0
DA:54,20
DA:100,2
LF:29
LH:27
BRDA:95,0,0,20
BRDA:95,0,1,10
BRDA:96,1,0,20
BRDA:96,1,1,1
BRDA:97,2,0,20
BRDA:97,2,1,19
BRDA:97,2,2,9
BRF:7
BRH:7
end_of_record
