{"C:\\Users\\Eva\\Desktop\\RIRS_naloga_git\\payment-service\\src\\app.js": {"path":"C:\\Users\\Eva\\Desktop\\RIRS_naloga_git\\payment-service\\src\\app.js","statementMap":{"0":{"start":{"line":1,"column":0},"end":{"line":1,"column":27}},"1":{"start":{"line":2,"column":16},"end":{"line":2,"column":34}},"2":{"start":{"line":3,"column":18},"end":{"line":3,"column":47}},"3":{"start":{"line":4,"column":13},"end":{"line":4,"column":28}},"4":{"start":{"line":5,"column":13},"end":{"line":5,"column":28}},"5":{"start":{"line":6,"column":15},"end":{"line":6,"column":33}},"6":{"start":{"line":7,"column":22},"end":{"line":7,"column":56}},"7":{"start":{"line":9,"column":12},"end":{"line":9,"column":21}},"8":{"start":{"line":10,"column":13},"end":{"line":10,"column":37}},"9":{"start":{"line":12,"column":27},"end":{"line":12,"column":47}},"10":{"start":{"line":15,"column":0},"end":{"line":15,"column":107}},"11":{"start":{"line":17,"column":0},"end":{"line":26,"column":3}},"12":{"start":{"line":18,"column":2},"end":{"line":25,"column":3}},"13":{"start":{"line":19,"column":17},"end":{"line":19,"column":33}},"14":{"start":{"line":20,"column":4},"end":{"line":20,"column":54}},"15":{"start":{"line":21,"column":4},"end":{"line":21,"column":19}},"16":{"start":{"line":23,"column":4},"end":{"line":23,"column":55}},"17":{"start":{"line":24,"column":4},"end":{"line":24,"column":68}},"18":{"start":{"line":28,"column":0},"end":{"line":39,"column":3}},"19":{"start":{"line":29,"column":2},"end":{"line":38,"column":3}},"20":{"start":{"line":30,"column":17},"end":{"line":30,"column":33}},"21":{"start":{"line":31,"column":17},"end":{"line":31,"column":34}},"22":{"start":{"line":32,"column":4},"end":{"line":32,"column":56}},"23":{"start":{"line":33,"column":4},"end":{"line":33,"column":19}},"24":{"start":{"line":35,"column":4},"end":{"line":35,"column":57}},"25":{"start":{"line":36,"column":21},"end":{"line":36,"column":71}},"26":{"start":{"line":37,"column":4},"end":{"line":37,"column":27}},"27":{"start":{"line":41,"column":0},"end":{"line":41,"column":16}},"28":{"start":{"line":42,"column":0},"end":{"line":42,"column":24}},"29":{"start":{"line":44,"column":0},"end":{"line":44,"column":36}},"30":{"start":{"line":46,"column":0},"end":{"line":48,"column":3}},"31":{"start":{"line":47,"column":2},"end":{"line":47,"column":29}},"32":{"start":{"line":50,"column":0},"end":{"line":52,"column":3}},"33":{"start":{"line":51,"column":2},"end":{"line":51,"column":57}}},"fnMap":{"0":{"name":"(anonymous_0)","decl":{"start":{"line":17,"column":26},"end":{"line":17,"column":27}},"loc":{"start":{"line":17,"column":40},"end":{"line":26,"column":1}},"line":17},"1":{"name":"(anonymous_1)","decl":{"start":{"line":28,"column":26},"end":{"line":28,"column":27}},"loc":{"start":{"line":28,"column":40},"end":{"line":39,"column":1}},"line":28},"2":{"name":"(anonymous_2)","decl":{"start":{"line":46,"column":19},"end":{"line":46,"column":20}},"loc":{"start":{"line":46,"column":33},"end":{"line":48,"column":1}},"line":46},"3":{"name":"(anonymous_3)","decl":{"start":{"line":50,"column":17},"end":{"line":50,"column":18}},"loc":{"start":{"line":50,"column":23},"end":{"line":52,"column":1}},"line":50}},"branchMap":{"0":{"loc":{"start":{"line":10,"column":13},"end":{"line":10,"column":37}},"type":"binary-expr","locations":[{"start":{"line":10,"column":13},"end":{"line":10,"column":29}},{"start":{"line":10,"column":33},"end":{"line":10,"column":37}}],"line":10}},"s":{"0":0,"1":0,"2":0,"3":0,"4":0,"5":0,"6":0,"7":0,"8":0,"9":0,"10":0,"11":0,"12":0,"13":0,"14":0,"15":0,"16":0,"17":0,"18":0,"19":0,"20":0,"21":0,"22":0,"23":0,"24":0,"25":0,"26":0,"27":0,"28":0,"29":0,"30":0,"31":0,"32":0,"33":0},"f":{"0":0,"1":0,"2":0,"3":0},"b":{"0":[0,0]}}
,"C:\\Users\\Eva\\Desktop\\RIRS_naloga_git\\payment-service\\src\\swagger.js": {"path":"C:\\Users\\Eva\\Desktop\\RIRS_naloga_git\\payment-service\\src\\swagger.js","statementMap":{"0":{"start":{"line":1,"column":13},"end":{"line":1,"column":28}},"1":{"start":{"line":2,"column":21},"end":{"line":2,"column":45}},"2":{"start":{"line":4,"column":13},"end":{"line":4,"column":37}},"3":{"start":{"line":6,"column":23},"end":{"line":22,"column":1}},"4":{"start":{"line":25,"column":2},"end":{"line":25,"column":38}},"5":{"start":{"line":28,"column":0},"end":{"line":31,"column":2}}},"fnMap":{"0":{"name":"getSwaggerSpec","decl":{"start":{"line":24,"column":9},"end":{"line":24,"column":23}},"loc":{"start":{"line":24,"column":26},"end":{"line":26,"column":1}},"line":24}},"branchMap":{"0":{"loc":{"start":{"line":4,"column":13},"end":{"line":4,"column":37}},"type":"binary-expr","locations":[{"start":{"line":4,"column":13},"end":{"line":4,"column":29}},{"start":{"line":4,"column":33},"end":{"line":4,"column":37}}],"line":4}},"s":{"0":0,"1":0,"2":0,"3":0,"4":0,"5":0},"f":{"0":0},"b":{"0":[0,0]}}
,"C:\\Users\\Eva\\Desktop\\RIRS_naloga_git\\payment-service\\src\\controllers\\payment_controller.js": {"path":"C:\\Users\\Eva\\Desktop\\RIRS_naloga_git\\payment-service\\src\\controllers\\payment_controller.js","statementMap":{"0":{"start":{"line":1,"column":23},"end":{"line":1,"column":61}},"1":{"start":{"line":4,"column":2},"end":{"line":58,"column":3}},"2":{"start":{"line":14,"column":8},"end":{"line":14,"column":16}},"3":{"start":{"line":16,"column":4},"end":{"line":18,"column":5}},"4":{"start":{"line":17,"column":6},"end":{"line":17,"column":72}},"5":{"start":{"line":20,"column":4},"end":{"line":22,"column":5}},"6":{"start":{"line":21,"column":6},"end":{"line":21,"column":83}},"7":{"start":{"line":24,"column":4},"end":{"line":26,"column":5}},"8":{"start":{"line":25,"column":6},"end":{"line":25,"column":64}},"9":{"start":{"line":28,"column":19},"end":{"line":37,"column":6}},"10":{"start":{"line":39,"column":4},"end":{"line":54,"column":5}},"11":{"start":{"line":40,"column":6},"end":{"line":45,"column":9}},"12":{"start":{"line":47,"column":6},"end":{"line":53,"column":9}},"13":{"start":{"line":56,"column":4},"end":{"line":56,"column":54}},"14":{"start":{"line":57,"column":4},"end":{"line":57,"column":68}},"15":{"start":{"line":109,"column":2},"end":{"line":176,"column":3}},"16":{"start":{"line":120,"column":8},"end":{"line":120,"column":16}},"17":{"start":{"line":122,"column":4},"end":{"line":124,"column":5}},"18":{"start":{"line":123,"column":6},"end":{"line":123,"column":67}},"19":{"start":{"line":126,"column":4},"end":{"line":133,"column":5}},"20":{"start":{"line":127,"column":6},"end":{"line":129,"column":7}},"21":{"start":{"line":128,"column":8},"end":{"line":128,"column":85}},"22":{"start":{"line":130,"column":6},"end":{"line":132,"column":7}},"23":{"start":{"line":131,"column":8},"end":{"line":131,"column":66}},"24":{"start":{"line":135,"column":19},"end":{"line":145,"column":6}},"25":{"start":{"line":147,"column":36},"end":{"line":147,"column":42}},"26":{"start":{"line":149,"column":4},"end":{"line":166,"column":5}},"27":{"start":{"line":150,"column":6},"end":{"line":157,"column":7}},"28":{"start":{"line":151,"column":8},"end":{"line":156,"column":11}},"29":{"start":{"line":159,"column":6},"end":{"line":165,"column":9}},"30":{"start":{"line":168,"column":4},"end":{"line":172,"column":7}},"31":{"start":{"line":174,"column":4},"end":{"line":174,"column":50}},"32":{"start":{"line":175,"column":4},"end":{"line":175,"column":68}},"33":{"start":{"line":180,"column":2},"end":{"line":192,"column":3}},"34":{"start":{"line":181,"column":19},"end":{"line":181,"column":29}},"35":{"start":{"line":182,"column":20},"end":{"line":182,"column":73}},"36":{"start":{"line":184,"column":4},"end":{"line":186,"column":5}},"37":{"start":{"line":185,"column":6},"end":{"line":185,"column":66}},"38":{"start":{"line":188,"column":4},"end":{"line":188,"column":41}},"39":{"start":{"line":190,"column":4},"end":{"line":190,"column":47}},"40":{"start":{"line":191,"column":4},"end":{"line":191,"column":68}},"41":{"start":{"line":196,"column":2},"end":{"line":203,"column":3}},"42":{"start":{"line":197,"column":24},"end":{"line":197,"column":34}},"43":{"start":{"line":198,"column":21},"end":{"line":198,"column":85}},"44":{"start":{"line":199,"column":4},"end":{"line":199,"column":42}},"45":{"start":{"line":201,"column":4},"end":{"line":201,"column":57}},"46":{"start":{"line":202,"column":4},"end":{"line":202,"column":68}},"47":{"start":{"line":207,"column":2},"end":{"line":222,"column":3}},"48":{"start":{"line":208,"column":23},"end":{"line":208,"column":33}},"49":{"start":{"line":209,"column":18},"end":{"line":209,"column":53}},"50":{"start":{"line":210,"column":19},"end":{"line":210,"column":54}},"51":{"start":{"line":212,"column":21},"end":{"line":216,"column":5}},"52":{"start":{"line":218,"column":4},"end":{"line":218,"column":42}},"53":{"start":{"line":220,"column":4},"end":{"line":220,"column":56}},"54":{"start":{"line":221,"column":4},"end":{"line":221,"column":68}},"55":{"start":{"line":226,"column":2},"end":{"line":251,"column":3}},"56":{"start":{"line":227,"column":42},"end":{"line":227,"column":50}},"57":{"start":{"line":229,"column":4},"end":{"line":231,"column":5}},"58":{"start":{"line":230,"column":6},"end":{"line":230,"column":71}},"59":{"start":{"line":233,"column":27},"end":{"line":237,"column":6}},"60":{"start":{"line":239,"column":4},"end":{"line":241,"column":5}},"61":{"start":{"line":240,"column":6},"end":{"line":240,"column":66}},"62":{"start":{"line":243,"column":4},"end":{"line":247,"column":7}},"63":{"start":{"line":249,"column":4},"end":{"line":249,"column":50}},"64":{"start":{"line":250,"column":4},"end":{"line":250,"column":68}},"65":{"start":{"line":255,"column":2},"end":{"line":277,"column":3}},"66":{"start":{"line":256,"column":19},"end":{"line":256,"column":29}},"67":{"start":{"line":257,"column":33},"end":{"line":257,"column":41}},"68":{"start":{"line":259,"column":4},"end":{"line":261,"column":5}},"69":{"start":{"line":260,"column":6},"end":{"line":260,"column":67}},"70":{"start":{"line":263,"column":27},"end":{"line":263,"column":103}},"71":{"start":{"line":265,"column":4},"end":{"line":267,"column":5}},"72":{"start":{"line":266,"column":6},"end":{"line":266,"column":66}},"73":{"start":{"line":269,"column":4},"end":{"line":273,"column":7}},"74":{"start":{"line":275,"column":4},"end":{"line":275,"column":50}},"75":{"start":{"line":276,"column":4},"end":{"line":276,"column":68}},"76":{"start":{"line":281,"column":2},"end":{"line":300,"column":3}},"77":{"start":{"line":282,"column":19},"end":{"line":282,"column":29}},"78":{"start":{"line":284,"column":27},"end":{"line":286,"column":6}},"79":{"start":{"line":288,"column":4},"end":{"line":290,"column":5}},"80":{"start":{"line":289,"column":6},"end":{"line":289,"column":66}},"81":{"start":{"line":292,"column":4},"end":{"line":296,"column":7}},"82":{"start":{"line":298,"column":4},"end":{"line":298,"column":51}},"83":{"start":{"line":299,"column":4},"end":{"line":299,"column":68}},"84":{"start":{"line":304,"column":2},"end":{"line":322,"column":3}},"85":{"start":{"line":305,"column":19},"end":{"line":305,"column":29}},"86":{"start":{"line":307,"column":27},"end":{"line":309,"column":6}},"87":{"start":{"line":311,"column":4},"end":{"line":313,"column":5}},"88":{"start":{"line":312,"column":6},"end":{"line":312,"column":66}},"89":{"start":{"line":315,"column":4},"end":{"line":318,"column":7}},"90":{"start":{"line":320,"column":4},"end":{"line":320,"column":50}},"91":{"start":{"line":321,"column":4},"end":{"line":321,"column":68}},"92":{"start":{"line":326,"column":2},"end":{"line":345,"column":3}},"93":{"start":{"line":327,"column":19},"end":{"line":327,"column":29}},"94":{"start":{"line":329,"column":27},"end":{"line":331,"column":6}},"95":{"start":{"line":333,"column":4},"end":{"line":335,"column":5}},"96":{"start":{"line":334,"column":6},"end":{"line":334,"column":66}},"97":{"start":{"line":337,"column":4},"end":{"line":341,"column":7}},"98":{"start":{"line":343,"column":4},"end":{"line":343,"column":50}},"99":{"start":{"line":344,"column":4},"end":{"line":344,"column":68}},"100":{"start":{"line":348,"column":0},"end":{"line":359,"column":2}},"101":{"start":{"line":362,"column":0},"end":{"line":362,"column":56}},"102":{"start":{"line":363,"column":0},"end":{"line":363,"column":57}}},"fnMap":{"0":{"name":"validatePaymentController","decl":{"start":{"line":3,"column":15},"end":{"line":3,"column":40}},"loc":{"start":{"line":3,"column":51},"end":{"line":59,"column":1}},"line":3},"1":{"name":"createPaymentController","decl":{"start":{"line":108,"column":15},"end":{"line":108,"column":38}},"loc":{"start":{"line":108,"column":49},"end":{"line":177,"column":1}},"line":108},"2":{"name":"getPaymentController","decl":{"start":{"line":179,"column":15},"end":{"line":179,"column":35}},"loc":{"start":{"line":179,"column":46},"end":{"line":193,"column":1}},"line":179},"3":{"name":"getPaymentsByOrderController","decl":{"start":{"line":195,"column":15},"end":{"line":195,"column":43}},"loc":{"start":{"line":195,"column":54},"end":{"line":204,"column":1}},"line":195},"4":{"name":"getPaymentsByUserController","decl":{"start":{"line":206,"column":15},"end":{"line":206,"column":42}},"loc":{"start":{"line":206,"column":53},"end":{"line":223,"column":1}},"line":206},"5":{"name":"refundPaymentController","decl":{"start":{"line":225,"column":15},"end":{"line":225,"column":38}},"loc":{"start":{"line":225,"column":49},"end":{"line":252,"column":1}},"line":225},"6":{"name":"updatePaymentController","decl":{"start":{"line":254,"column":15},"end":{"line":254,"column":38}},"loc":{"start":{"line":254,"column":49},"end":{"line":278,"column":1}},"line":254},"7":{"name":"capturePaymentController","decl":{"start":{"line":280,"column":15},"end":{"line":280,"column":39}},"loc":{"start":{"line":280,"column":50},"end":{"line":301,"column":1}},"line":280},"8":{"name":"deletePaymentController","decl":{"start":{"line":303,"column":15},"end":{"line":303,"column":38}},"loc":{"start":{"line":303,"column":49},"end":{"line":323,"column":1}},"line":303},"9":{"name":"cancelPaymentController","decl":{"start":{"line":325,"column":15},"end":{"line":325,"column":38}},"loc":{"start":{"line":325,"column":49},"end":{"line":346,"column":1}},"line":325}},"branchMap":{"0":{"loc":{"start":{"line":16,"column":4},"end":{"line":18,"column":5}},"type":"if","locations":[{"start":{"line":16,"column":4},"end":{"line":18,"column":5}},{"start":{},"end":{}}],"line":16},"1":{"loc":{"start":{"line":20,"column":4},"end":{"line":22,"column":5}},"type":"if","locations":[{"start":{"line":20,"column":4},"end":{"line":22,"column":5}},{"start":{},"end":{}}],"line":20},"2":{"loc":{"start":{"line":20,"column":8},"end":{"line":20,"column":35}},"type":"binary-expr","locations":[{"start":{"line":20,"column":8},"end":{"line":20,"column":20}},{"start":{"line":20,"column":24},"end":{"line":20,"column":35}}],"line":20},"3":{"loc":{"start":{"line":24,"column":4},"end":{"line":26,"column":5}},"type":"if","locations":[{"start":{"line":24,"column":4},"end":{"line":26,"column":5}},{"start":{},"end":{}}],"line":24},"4":{"loc":{"start":{"line":39,"column":4},"end":{"line":54,"column":5}},"type":"if","locations":[{"start":{"line":39,"column":4},"end":{"line":54,"column":5}},{"start":{"line":46,"column":11},"end":{"line":54,"column":5}}],"line":39},"5":{"loc":{"start":{"line":122,"column":4},"end":{"line":124,"column":5}},"type":"if","locations":[{"start":{"line":122,"column":4},"end":{"line":124,"column":5}},{"start":{},"end":{}}],"line":122},"6":{"loc":{"start":{"line":126,"column":4},"end":{"line":133,"column":5}},"type":"if","locations":[{"start":{"line":126,"column":4},"end":{"line":133,"column":5}},{"start":{},"end":{}}],"line":126},"7":{"loc":{"start":{"line":127,"column":6},"end":{"line":129,"column":7}},"type":"if","locations":[{"start":{"line":127,"column":6},"end":{"line":129,"column":7}},{"start":{},"end":{}}],"line":127},"8":{"loc":{"start":{"line":127,"column":10},"end":{"line":127,"column":37}},"type":"binary-expr","locations":[{"start":{"line":127,"column":10},"end":{"line":127,"column":22}},{"start":{"line":127,"column":26},"end":{"line":127,"column":37}}],"line":127},"9":{"loc":{"start":{"line":130,"column":6},"end":{"line":132,"column":7}},"type":"if","locations":[{"start":{"line":130,"column":6},"end":{"line":132,"column":7}},{"start":{},"end":{}}],"line":130},"10":{"loc":{"start":{"line":137,"column":19},"end":{"line":137,"column":70}},"type":"cond-expr","locations":[{"start":{"line":137,"column":33},"end":{"line":137,"column":58}},{"start":{"line":137,"column":61},"end":{"line":137,"column":70}}],"line":137},"11":{"loc":{"start":{"line":138,"column":18},"end":{"line":138,"column":67}},"type":"cond-expr","locations":[{"start":{"line":138,"column":31},"end":{"line":138,"column":55}},{"start":{"line":138,"column":58},"end":{"line":138,"column":67}}],"line":138},"12":{"loc":{"start":{"line":149,"column":4},"end":{"line":166,"column":5}},"type":"if","locations":[{"start":{"line":149,"column":4},"end":{"line":166,"column":5}},{"start":{},"end":{}}],"line":149},"13":{"loc":{"start":{"line":150,"column":6},"end":{"line":157,"column":7}},"type":"if","locations":[{"start":{"line":150,"column":6},"end":{"line":157,"column":7}},{"start":{},"end":{}}],"line":150},"14":{"loc":{"start":{"line":184,"column":4},"end":{"line":186,"column":5}},"type":"if","locations":[{"start":{"line":184,"column":4},"end":{"line":186,"column":5}},{"start":{},"end":{}}],"line":184},"15":{"loc":{"start":{"line":209,"column":27},"end":{"line":209,"column":48}},"type":"binary-expr","locations":[{"start":{"line":209,"column":27},"end":{"line":209,"column":42}},{"start":{"line":209,"column":46},"end":{"line":209,"column":48}}],"line":209},"16":{"loc":{"start":{"line":210,"column":28},"end":{"line":210,"column":49}},"type":"binary-expr","locations":[{"start":{"line":210,"column":28},"end":{"line":210,"column":44}},{"start":{"line":210,"column":48},"end":{"line":210,"column":49}}],"line":210},"17":{"loc":{"start":{"line":229,"column":4},"end":{"line":231,"column":5}},"type":"if","locations":[{"start":{"line":229,"column":4},"end":{"line":231,"column":5}},{"start":{},"end":{}}],"line":229},"18":{"loc":{"start":{"line":239,"column":4},"end":{"line":241,"column":5}},"type":"if","locations":[{"start":{"line":239,"column":4},"end":{"line":241,"column":5}},{"start":{},"end":{}}],"line":239},"19":{"loc":{"start":{"line":259,"column":4},"end":{"line":261,"column":5}},"type":"if","locations":[{"start":{"line":259,"column":4},"end":{"line":261,"column":5}},{"start":{},"end":{}}],"line":259},"20":{"loc":{"start":{"line":265,"column":4},"end":{"line":267,"column":5}},"type":"if","locations":[{"start":{"line":265,"column":4},"end":{"line":267,"column":5}},{"start":{},"end":{}}],"line":265},"21":{"loc":{"start":{"line":288,"column":4},"end":{"line":290,"column":5}},"type":"if","locations":[{"start":{"line":288,"column":4},"end":{"line":290,"column":5}},{"start":{},"end":{}}],"line":288},"22":{"loc":{"start":{"line":311,"column":4},"end":{"line":313,"column":5}},"type":"if","locations":[{"start":{"line":311,"column":4},"end":{"line":313,"column":5}},{"start":{},"end":{}}],"line":311},"23":{"loc":{"start":{"line":333,"column":4},"end":{"line":335,"column":5}},"type":"if","locations":[{"start":{"line":333,"column":4},"end":{"line":335,"column":5}},{"start":{},"end":{}}],"line":333}},"s":{"0":7,"1":0,"2":0,"3":0,"4":0,"5":0,"6":0,"7":0,"8":0,"9":0,"10":0,"11":0,"12":0,"13":0,"14":0,"15":0,"16":0,"17":0,"18":0,"19":0,"20":0,"21":0,"22":0,"23":0,"24":0,"25":0,"26":0,"27":0,"28":0,"29":0,"30":0,"31":0,"32":0,"33":0,"34":0,"35":0,"36":0,"37":0,"38":0,"39":0,"40":0,"41":0,"42":0,"43":0,"44":0,"45":0,"46":0,"47":0,"48":0,"49":0,"50":0,"51":0,"52":0,"53":0,"54":0,"55":0,"56":0,"57":0,"58":0,"59":0,"60":0,"61":0,"62":0,"63":0,"64":0,"65":0,"66":0,"67":0,"68":0,"69":0,"70":0,"71":0,"72":0,"73":0,"74":0,"75":0,"76":0,"77":0,"78":0,"79":0,"80":0,"81":0,"82":0,"83":0,"84":0,"85":0,"86":0,"87":0,"88":0,"89":0,"90":0,"91":0,"92":0,"93":0,"94":0,"95":0,"96":0,"97":0,"98":0,"99":0,"100":7,"101":7,"102":7},"f":{"0":0,"1":0,"2":0,"3":0,"4":0,"5":0,"6":0,"7":0,"8":0,"9":0},"b":{"0":[0,0],"1":[0,0],"2":[0,0],"3":[0,0],"4":[0,0],"5":[0,0],"6":[0,0],"7":[0,0],"8":[0,0],"9":[0,0],"10":[0,0],"11":[0,0],"12":[0,0],"13":[0,0],"14":[0,0],"15":[0,0],"16":[0,0],"17":[0,0],"18":[0,0],"19":[0,0],"20":[0,0],"21":[0,0],"22":[0,0],"23":[0,0]},"_coverageSchema":"1a1c01bbd47fc00a2c39e90264f33305004495a9","hash":"5b01a198407cd31318ee53f84f366a92bb37fce9"}
,"C:\\Users\\Eva\\Desktop\\RIRS_naloga_git\\payment-service\\src\\db\\db.js": {"path":"C:\\Users\\Eva\\Desktop\\RIRS_naloga_git\\payment-service\\src\\db\\db.js","statementMap":{"0":{"start":{"line":1,"column":17},"end":{"line":1,"column":30}},"1":{"start":{"line":2,"column":0},"end":{"line":2,"column":27}},"2":{"start":{"line":4,"column":15},"end":{"line":10,"column":1}},"3":{"start":{"line":13,"column":0},"end":{"line":41,"column":1}},"4":{"start":{"line":14,"column":19},"end":{"line":18,"column":3}},"5":{"start":{"line":15,"column":24},"end":{"line":15,"column":36}},"6":{"start":{"line":19,"column":2},"end":{"line":19,"column":28}},"7":{"start":{"line":21,"column":15},"end":{"line":21,"column":31}},"8":{"start":{"line":24,"column":4},"end":{"line":33,"column":5}},"9":{"start":{"line":24,"column":17},"end":{"line":24,"column":18}},"10":{"start":{"line":25,"column":6},"end":{"line":32,"column":7}},"11":{"start":{"line":26,"column":8},"end":{"line":26,"column":37}},"12":{"start":{"line":27,"column":8},"end":{"line":27,"column":47}},"13":{"start":{"line":28,"column":8},"end":{"line":28,"column":15}},"14":{"start":{"line":30,"column":8},"end":{"line":30,"column":63}},"15":{"start":{"line":31,"column":8},"end":{"line":31,"column":56}},"16":{"start":{"line":31,"column":33},"end":{"line":31,"column":54}},"17":{"start":{"line":35,"column":4},"end":{"line":35,"column":55}},"18":{"start":{"line":38,"column":2},"end":{"line":38,"column":14}},"19":{"start":{"line":40,"column":2},"end":{"line":40,"column":24}}},"fnMap":{"0":{"name":"(anonymous_0)","decl":{"start":{"line":15,"column":11},"end":{"line":15,"column":12}},"loc":{"start":{"line":15,"column":24},"end":{"line":15,"column":36}},"line":15},"1":{"name":"(anonymous_1)","decl":{"start":{"line":16,"column":13},"end":{"line":16,"column":14}},"loc":{"start":{"line":16,"column":25},"end":{"line":16,"column":27}},"line":16},"2":{"name":"(anonymous_2)","decl":{"start":{"line":17,"column":9},"end":{"line":17,"column":10}},"loc":{"start":{"line":17,"column":21},"end":{"line":17,"column":23}},"line":17},"3":{"name":"waitForDB","decl":{"start":{"line":23,"column":17},"end":{"line":23,"column":26}},"loc":{"start":{"line":23,"column":29},"end":{"line":36,"column":3}},"line":23},"4":{"name":"(anonymous_4)","decl":{"start":{"line":31,"column":26},"end":{"line":31,"column":27}},"loc":{"start":{"line":31,"column":33},"end":{"line":31,"column":54}},"line":31}},"branchMap":{"0":{"loc":{"start":{"line":13,"column":0},"end":{"line":41,"column":1}},"type":"if","locations":[{"start":{"line":13,"column":0},"end":{"line":41,"column":1}},{"start":{"line":20,"column":7},"end":{"line":41,"column":1}}],"line":13}},"s":{"0":8,"1":8,"2":8,"3":8,"4":8,"5":0,"6":8,"7":0,"8":0,"9":0,"10":0,"11":0,"12":0,"13":0,"14":0,"15":0,"16":0,"17":0,"18":0,"19":0},"f":{"0":0,"1":0,"2":0,"3":0,"4":0},"b":{"0":[8,0]},"_coverageSchema":"1a1c01bbd47fc00a2c39e90264f33305004495a9","hash":"ea4390dd69e88989cc757bf530cfeab7189a7f13"}
,"C:\\Users\\Eva\\Desktop\\RIRS_naloga_git\\payment-service\\src\\models\\payment_model.js": {"path":"C:\\Users\\Eva\\Desktop\\RIRS_naloga_git\\payment-service\\src\\models\\payment_model.js","statementMap":{"0":{"start":{"line":1,"column":13},"end":{"line":1,"column":35}},"1":{"start":{"line":3,"column":21},"end":{"line":109,"column":1}},"2":{"start":{"line":17,"column":8},"end":{"line":17,"column":19}},"3":{"start":{"line":19,"column":18},"end":{"line":25,"column":5}},"4":{"start":{"line":27,"column":19},"end":{"line":39,"column":5}},"5":{"start":{"line":41,"column":19},"end":{"line":41,"column":50}},"6":{"start":{"line":42,"column":4},"end":{"line":42,"column":71}},"7":{"start":{"line":42,"column":49},"end":{"line":42,"column":71}},"8":{"start":{"line":44,"column":4},"end":{"line":44,"column":52}},"9":{"start":{"line":48,"column":18},"end":{"line":48,"column":56}},"10":{"start":{"line":49,"column":19},"end":{"line":49,"column":48}},"11":{"start":{"line":50,"column":4},"end":{"line":50,"column":61}},"12":{"start":{"line":50,"column":31},"end":{"line":50,"column":61}},"13":{"start":{"line":51,"column":4},"end":{"line":51,"column":16}},"14":{"start":{"line":55,"column":18},"end":{"line":55,"column":87}},"15":{"start":{"line":56,"column":19},"end":{"line":56,"column":53}},"16":{"start":{"line":57,"column":4},"end":{"line":57,"column":54}},"17":{"start":{"line":61,"column":18},"end":{"line":66,"column":5}},"18":{"start":{"line":67,"column":19},"end":{"line":67,"column":67}},"19":{"start":{"line":68,"column":4},"end":{"line":68,"column":54}},"20":{"start":{"line":72,"column":19},"end":{"line":72,"column":21}},"21":{"start":{"line":73,"column":19},"end":{"line":73,"column":21}},"22":{"start":{"line":74,"column":21},"end":{"line":74,"column":22}},"23":{"start":{"line":76,"column":4},"end":{"line":79,"column":5}},"24":{"start":{"line":77,"column":6},"end":{"line":77,"column":47}},"25":{"start":{"line":78,"column":6},"end":{"line":78,"column":34}},"26":{"start":{"line":81,"column":4},"end":{"line":84,"column":5}},"27":{"start":{"line":82,"column":6},"end":{"line":82,"column":58}},"28":{"start":{"line":83,"column":6},"end":{"line":83,"column":61}},"29":{"start":{"line":86,"column":4},"end":{"line":89,"column":5}},"30":{"start":{"line":87,"column":6},"end":{"line":87,"column":49}},"31":{"start":{"line":88,"column":6},"end":{"line":88,"column":52}},"32":{"start":{"line":91,"column":4},"end":{"line":93,"column":5}},"33":{"start":{"line":92,"column":6},"end":{"line":92,"column":18}},"34":{"start":{"line":95,"column":4},"end":{"line":95,"column":38}},"35":{"start":{"line":96,"column":4},"end":{"line":96,"column":20}},"36":{"start":{"line":98,"column":18},"end":{"line":103,"column":5}},"37":{"start":{"line":105,"column":19},"end":{"line":105,"column":50}},"38":{"start":{"line":106,"column":4},"end":{"line":106,"column":61}},"39":{"start":{"line":106,"column":31},"end":{"line":106,"column":61}},"40":{"start":{"line":107,"column":4},"end":{"line":107,"column":16}},"41":{"start":{"line":111,"column":0},"end":{"line":111,"column":30}}},"fnMap":{"0":{"name":"(anonymous_0)","decl":{"start":{"line":4,"column":10},"end":{"line":4,"column":11}},"loc":{"start":{"line":4,"column":33},"end":{"line":45,"column":3}},"line":4},"1":{"name":"(anonymous_1)","decl":{"start":{"line":47,"column":11},"end":{"line":47,"column":12}},"loc":{"start":{"line":47,"column":25},"end":{"line":52,"column":3}},"line":47},"2":{"name":"(anonymous_2)","decl":{"start":{"line":54,"column":16},"end":{"line":54,"column":17}},"loc":{"start":{"line":54,"column":35},"end":{"line":58,"column":3}},"line":54},"3":{"name":"(anonymous_3)","decl":{"start":{"line":60,"column":15},"end":{"line":60,"column":16}},"loc":{"start":{"line":60,"column":57},"end":{"line":69,"column":3}},"line":60},"4":{"name":"(anonymous_4)","decl":{"start":{"line":71,"column":10},"end":{"line":71,"column":11}},"loc":{"start":{"line":71,"column":33},"end":{"line":108,"column":3}},"line":71}},"branchMap":{"0":{"loc":{"start":{"line":28,"column":6},"end":{"line":28,"column":22}},"type":"binary-expr","locations":[{"start":{"line":28,"column":6},"end":{"line":28,"column":14}},{"start":{"line":28,"column":18},"end":{"line":28,"column":22}}],"line":28},"1":{"loc":{"start":{"line":29,"column":6},"end":{"line":29,"column":21}},"type":"binary-expr","locations":[{"start":{"line":29,"column":6},"end":{"line":29,"column":13}},{"start":{"line":29,"column":17},"end":{"line":29,"column":21}}],"line":29},"2":{"loc":{"start":{"line":31,"column":6},"end":{"line":31,"column":23}},"type":"binary-expr","locations":[{"start":{"line":31,"column":6},"end":{"line":31,"column":14}},{"start":{"line":31,"column":18},"end":{"line":31,"column":23}}],"line":31},"3":{"loc":{"start":{"line":32,"column":6},"end":{"line":32,"column":25}},"type":"binary-expr","locations":[{"start":{"line":32,"column":6},"end":{"line":32,"column":12}},{"start":{"line":32,"column":16},"end":{"line":32,"column":25}}],"line":32},"4":{"loc":{"start":{"line":33,"column":6},"end":{"line":33,"column":24}},"type":"binary-expr","locations":[{"start":{"line":33,"column":6},"end":{"line":33,"column":16}},{"start":{"line":33,"column":20},"end":{"line":33,"column":24}}],"line":33},"5":{"loc":{"start":{"line":34,"column":6},"end":{"line":34,"column":28}},"type":"binary-expr","locations":[{"start":{"line":34,"column":6},"end":{"line":34,"column":20}},{"start":{"line":34,"column":24},"end":{"line":34,"column":28}}],"line":34},"6":{"loc":{"start":{"line":35,"column":6},"end":{"line":35,"column":26}},"type":"binary-expr","locations":[{"start":{"line":35,"column":6},"end":{"line":35,"column":18}},{"start":{"line":35,"column":22},"end":{"line":35,"column":26}}],"line":35},"7":{"loc":{"start":{"line":36,"column":6},"end":{"line":36,"column":25}},"type":"binary-expr","locations":[{"start":{"line":36,"column":6},"end":{"line":36,"column":17}},{"start":{"line":36,"column":21},"end":{"line":36,"column":25}}],"line":36},"8":{"loc":{"start":{"line":37,"column":6},"end":{"line":37,"column":66}},"type":"cond-expr","locations":[{"start":{"line":37,"column":26},"end":{"line":37,"column":59}},{"start":{"line":37,"column":62},"end":{"line":37,"column":66}}],"line":37},"9":{"loc":{"start":{"line":38,"column":6},"end":{"line":38,"column":48}},"type":"cond-expr","locations":[{"start":{"line":38,"column":17},"end":{"line":38,"column":41}},{"start":{"line":38,"column":44},"end":{"line":38,"column":48}}],"line":38},"10":{"loc":{"start":{"line":42,"column":4},"end":{"line":42,"column":71}},"type":"if","locations":[{"start":{"line":42,"column":4},"end":{"line":42,"column":71}},{"start":{},"end":{}}],"line":42},"11":{"loc":{"start":{"line":42,"column":8},"end":{"line":42,"column":47}},"type":"binary-expr","locations":[{"start":{"line":42,"column":8},"end":{"line":42,"column":14}},{"start":{"line":42,"column":18},"end":{"line":42,"column":29}},{"start":{"line":42,"column":33},"end":{"line":42,"column":47}}],"line":42},"12":{"loc":{"start":{"line":50,"column":4},"end":{"line":50,"column":61}},"type":"if","locations":[{"start":{"line":50,"column":4},"end":{"line":50,"column":61}},{"start":{},"end":{}}],"line":50},"13":{"loc":{"start":{"line":50,"column":8},"end":{"line":50,"column":29}},"type":"binary-expr","locations":[{"start":{"line":50,"column":8},"end":{"line":50,"column":14}},{"start":{"line":50,"column":18},"end":{"line":50,"column":29}}],"line":50},"14":{"loc":{"start":{"line":50,"column":38},"end":{"line":50,"column":60}},"type":"binary-expr","locations":[{"start":{"line":50,"column":38},"end":{"line":50,"column":52}},{"start":{"line":50,"column":56},"end":{"line":50,"column":60}}],"line":50},"15":{"loc":{"start":{"line":57,"column":11},"end":{"line":57,"column":53}},"type":"cond-expr","locations":[{"start":{"line":57,"column":37},"end":{"line":57,"column":48}},{"start":{"line":57,"column":51},"end":{"line":57,"column":53}}],"line":57},"16":{"loc":{"start":{"line":57,"column":12},"end":{"line":57,"column":33}},"type":"binary-expr","locations":[{"start":{"line":57,"column":12},"end":{"line":57,"column":18}},{"start":{"line":57,"column":22},"end":{"line":57,"column":33}}],"line":57},"17":{"loc":{"start":{"line":60,"column":30},"end":{"line":60,"column":40}},"type":"default-arg","locations":[{"start":{"line":60,"column":38},"end":{"line":60,"column":40}}],"line":60},"18":{"loc":{"start":{"line":60,"column":42},"end":{"line":60,"column":52}},"type":"default-arg","locations":[{"start":{"line":60,"column":51},"end":{"line":60,"column":52}}],"line":60},"19":{"loc":{"start":{"line":68,"column":11},"end":{"line":68,"column":53}},"type":"cond-expr","locations":[{"start":{"line":68,"column":37},"end":{"line":68,"column":48}},{"start":{"line":68,"column":51},"end":{"line":68,"column":53}}],"line":68},"20":{"loc":{"start":{"line":68,"column":12},"end":{"line":68,"column":33}},"type":"binary-expr","locations":[{"start":{"line":68,"column":12},"end":{"line":68,"column":18}},{"start":{"line":68,"column":22},"end":{"line":68,"column":33}}],"line":68},"21":{"loc":{"start":{"line":76,"column":4},"end":{"line":79,"column":5}},"type":"if","locations":[{"start":{"line":76,"column":4},"end":{"line":79,"column":5}},{"start":{},"end":{}}],"line":76},"22":{"loc":{"start":{"line":81,"column":4},"end":{"line":84,"column":5}},"type":"if","locations":[{"start":{"line":81,"column":4},"end":{"line":84,"column":5}},{"start":{},"end":{}}],"line":81},"23":{"loc":{"start":{"line":86,"column":4},"end":{"line":89,"column":5}},"type":"if","locations":[{"start":{"line":86,"column":4},"end":{"line":89,"column":5}},{"start":{},"end":{}}],"line":86},"24":{"loc":{"start":{"line":91,"column":4},"end":{"line":93,"column":5}},"type":"if","locations":[{"start":{"line":91,"column":4},"end":{"line":93,"column":5}},{"start":{},"end":{}}],"line":91},"25":{"loc":{"start":{"line":106,"column":4},"end":{"line":106,"column":61}},"type":"if","locations":[{"start":{"line":106,"column":4},"end":{"line":106,"column":61}},{"start":{},"end":{}}],"line":106},"26":{"loc":{"start":{"line":106,"column":8},"end":{"line":106,"column":29}},"type":"binary-expr","locations":[{"start":{"line":106,"column":8},"end":{"line":106,"column":14}},{"start":{"line":106,"column":18},"end":{"line":106,"column":29}}],"line":106},"27":{"loc":{"start":{"line":106,"column":38},"end":{"line":106,"column":60}},"type":"binary-expr","locations":[{"start":{"line":106,"column":38},"end":{"line":106,"column":52}},{"start":{"line":106,"column":56},"end":{"line":106,"column":60}}],"line":106}},"s":{"0":13,"1":13,"2":1,"3":1,"4":1,"5":1,"6":1,"7":0,"8":1,"9":0,"10":0,"11":0,"12":0,"13":0,"14":0,"15":0,"16":0,"17":0,"18":0,"19":0,"20":0,"21":0,"22":0,"23":0,"24":0,"25":0,"26":0,"27":0,"28":0,"29":0,"30":0,"31":0,"32":0,"33":0,"34":0,"35":0,"36":0,"37":0,"38":0,"39":0,"40":0,"41":13},"f":{"0":1,"1":0,"2":0,"3":0,"4":0},"b":{"0":[1,1],"1":[1,1],"2":[1,0],"3":[1,0],"4":[1,1],"5":[1,1],"6":[1,1],"7":[1,1],"8":[0,1],"9":[1,0],"10":[0,1],"11":[1,0,0],"12":[0,0],"13":[0,0],"14":[0,0],"15":[0,0],"16":[0,0],"17":[0],"18":[0],"19":[0,0],"20":[0,0],"21":[0,0],"22":[0,0],"23":[0,0],"24":[0,0],"25":[0,0],"26":[0,0],"27":[0,0]},"_coverageSchema":"1a1c01bbd47fc00a2c39e90264f33305004495a9","hash":"50ae02dbfb6bfb6739854ccd95b96f57d346a084"}
,"C:\\Users\\Eva\\Desktop\\RIRS_naloga_git\\payment-service\\src\\routes\\payment_routes.js": {"path":"C:\\Users\\Eva\\Desktop\\RIRS_naloga_git\\payment-service\\src\\routes\\payment_routes.js","statementMap":{"0":{"start":{"line":1,"column":16},"end":{"line":1,"column":34}},"1":{"start":{"line":2,"column":15},"end":{"line":2,"column":31}},"2":{"start":{"line":14,"column":4},"end":{"line":14,"column":48}},"3":{"start":{"line":178,"column":0},"end":{"line":178,"column":52}},"4":{"start":{"line":179,"column":0},"end":{"line":179,"column":48}},"5":{"start":{"line":180,"column":0},"end":{"line":180,"column":42}},"6":{"start":{"line":200,"column":0},"end":{"line":200,"column":41}},"7":{"start":{"line":218,"column":0},"end":{"line":218,"column":60}},"8":{"start":{"line":246,"column":0},"end":{"line":246,"column":57}},"9":{"start":{"line":279,"column":0},"end":{"line":279,"column":51}},"10":{"start":{"line":299,"column":0},"end":{"line":299,"column":53}},"11":{"start":{"line":319,"column":0},"end":{"line":319,"column":47}},"12":{"start":{"line":339,"column":0},"end":{"line":339,"column":54}},"13":{"start":{"line":341,"column":0},"end":{"line":341,"column":24}}},"fnMap":{},"branchMap":{},"s":{"0":6,"1":6,"2":6,"3":6,"4":6,"5":6,"6":6,"7":6,"8":6,"9":6,"10":6,"11":6,"12":6,"13":6},"f":{},"b":{},"_coverageSchema":"1a1c01bbd47fc00a2c39e90264f33305004495a9","hash":"8d67772e3300f1a8a121045f1f69a7915b6244b2"}
,"C:\\Users\\Eva\\Desktop\\RIRS_naloga_git\\payment-service\\src\\services\\card_validation_service.js": {"path":"C:\\Users\\Eva\\Desktop\\RIRS_naloga_git\\payment-service\\src\\services\\card_validation_service.js","statementMap":{"0":{"start":{"line":1,"column":22},"end":{"line":1,"column":56}},"1":{"start":{"line":4,"column":17},"end":{"line":4,"column":46}},"2":{"start":{"line":6,"column":2},"end":{"line":8,"column":3}},"3":{"start":{"line":7,"column":4},"end":{"line":7,"column":18}},"4":{"start":{"line":10,"column":2},"end":{"line":18,"column":3}},"5":{"start":{"line":11,"column":21},"end":{"line":11,"column":57}},"6":{"start":{"line":12,"column":22},"end":{"line":12,"column":58}},"7":{"start":{"line":14,"column":4},"end":{"line":17,"column":5}},"8":{"start":{"line":16,"column":6},"end":{"line":16,"column":26}},"9":{"start":{"line":20,"column":2},"end":{"line":20,"column":19}},"10":{"start":{"line":24,"column":2},"end":{"line":26,"column":3}},"11":{"start":{"line":25,"column":4},"end":{"line":25,"column":80}},"12":{"start":{"line":28,"column":17},"end":{"line":28,"column":46}},"13":{"start":{"line":30,"column":2},"end":{"line":32,"column":3}},"14":{"start":{"line":31,"column":4},"end":{"line":31,"column":83}},"15":{"start":{"line":35,"column":16},"end":{"line":35,"column":43}},"16":{"start":{"line":37,"column":2},"end":{"line":39,"column":3}},"17":{"start":{"line":38,"column":4},"end":{"line":38,"column":122}},"18":{"start":{"line":41,"column":2},"end":{"line":43,"column":3}},"19":{"start":{"line":42,"column":4},"end":{"line":42,"column":92}},"20":{"start":{"line":45,"column":2},"end":{"line":45,"column":52}},"21":{"start":{"line":49,"column":2},"end":{"line":51,"column":3}},"22":{"start":{"line":50,"column":4},"end":{"line":50,"column":73}},"23":{"start":{"line":53,"column":2},"end":{"line":55,"column":3}},"24":{"start":{"line":54,"column":4},"end":{"line":54,"column":78}},"25":{"start":{"line":57,"column":17},"end":{"line":57,"column":21}},"26":{"start":{"line":58,"column":2},"end":{"line":60,"column":3}},"27":{"start":{"line":59,"column":4},"end":{"line":59,"column":27}},"28":{"start":{"line":62,"column":14},"end":{"line":62,"column":24}},"29":{"start":{"line":63,"column":22},"end":{"line":63,"column":39}},"30":{"start":{"line":64,"column":23},"end":{"line":64,"column":41}},"31":{"start":{"line":66,"column":2},"end":{"line":68,"column":3}},"32":{"start":{"line":67,"column":4},"end":{"line":67,"column":55}},"33":{"start":{"line":70,"column":2},"end":{"line":72,"column":3}},"34":{"start":{"line":71,"column":4},"end":{"line":71,"column":58}},"35":{"start":{"line":74,"column":2},"end":{"line":74,"column":38}},"36":{"start":{"line":78,"column":2},"end":{"line":80,"column":3}},"37":{"start":{"line":79,"column":4},"end":{"line":79,"column":54}},"38":{"start":{"line":82,"column":17},"end":{"line":82,"column":39}},"39":{"start":{"line":84,"column":2},"end":{"line":92,"column":3}},"40":{"start":{"line":85,"column":4},"end":{"line":87,"column":5}},"41":{"start":{"line":86,"column":6},"end":{"line":86,"column":81}},"42":{"start":{"line":89,"column":4},"end":{"line":91,"column":5}},"43":{"start":{"line":90,"column":6},"end":{"line":90,"column":66}},"44":{"start":{"line":94,"column":2},"end":{"line":94,"column":38}},"45":{"start":{"line":98,"column":17},"end":{"line":98,"column":46}},"46":{"start":{"line":99,"column":2},"end":{"line":99,"column":26}},"47":{"start":{"line":102,"column":0},"end":{"line":108,"column":2}}},"fnMap":{"0":{"name":"detectCardBrand","decl":{"start":{"line":3,"column":9},"end":{"line":3,"column":24}},"loc":{"start":{"line":3,"column":37},"end":{"line":21,"column":1}},"line":3},"1":{"name":"validateCardNumber","decl":{"start":{"line":23,"column":9},"end":{"line":23,"column":27}},"loc":{"start":{"line":23,"column":40},"end":{"line":46,"column":1}},"line":23},"2":{"name":"validateExpiryDate","decl":{"start":{"line":48,"column":9},"end":{"line":48,"column":27}},"loc":{"start":{"line":48,"column":41},"end":{"line":75,"column":1}},"line":48},"3":{"name":"validateCVV","decl":{"start":{"line":77,"column":9},"end":{"line":77,"column":20}},"loc":{"start":{"line":77,"column":33},"end":{"line":95,"column":1}},"line":77},"4":{"name":"getLastFour","decl":{"start":{"line":97,"column":9},"end":{"line":97,"column":20}},"loc":{"start":{"line":97,"column":33},"end":{"line":100,"column":1}},"line":97}},"branchMap":{"0":{"loc":{"start":{"line":6,"column":2},"end":{"line":8,"column":3}},"type":"if","locations":[{"start":{"line":6,"column":2},"end":{"line":8,"column":3}},{"start":{},"end":{}}],"line":6},"1":{"loc":{"start":{"line":6,"column":6},"end":{"line":6,"column":73}},"type":"binary-expr","locations":[{"start":{"line":6,"column":6},"end":{"line":6,"column":23}},{"start":{"line":6,"column":28},"end":{"line":6,"column":48}},{"start":{"line":6,"column":52},"end":{"line":6,"column":72}}],"line":6},"2":{"loc":{"start":{"line":10,"column":2},"end":{"line":18,"column":3}},"type":"if","locations":[{"start":{"line":10,"column":2},"end":{"line":18,"column":3}},{"start":{},"end":{}}],"line":10},"3":{"loc":{"start":{"line":14,"column":4},"end":{"line":17,"column":5}},"type":"if","locations":[{"start":{"line":14,"column":4},"end":{"line":17,"column":5}},{"start":{},"end":{}}],"line":14},"4":{"loc":{"start":{"line":14,"column":8},"end":{"line":15,"column":48}},"type":"binary-expr","locations":[{"start":{"line":14,"column":9},"end":{"line":14,"column":23}},{"start":{"line":14,"column":27},"end":{"line":14,"column":41}},{"start":{"line":15,"column":9},"end":{"line":15,"column":26}},{"start":{"line":15,"column":30},"end":{"line":15,"column":47}}],"line":14},"5":{"loc":{"start":{"line":24,"column":2},"end":{"line":26,"column":3}},"type":"if","locations":[{"start":{"line":24,"column":2},"end":{"line":26,"column":3}},{"start":{},"end":{}}],"line":24},"6":{"loc":{"start":{"line":24,"column":6},"end":{"line":24,"column":51}},"type":"binary-expr","locations":[{"start":{"line":24,"column":6},"end":{"line":24,"column":17}},{"start":{"line":24,"column":21},"end":{"line":24,"column":51}}],"line":24},"7":{"loc":{"start":{"line":30,"column":2},"end":{"line":32,"column":3}},"type":"if","locations":[{"start":{"line":30,"column":2},"end":{"line":32,"column":3}},{"start":{},"end":{}}],"line":30},"8":{"loc":{"start":{"line":30,"column":6},"end":{"line":30,"column":46}},"type":"binary-expr","locations":[{"start":{"line":30,"column":6},"end":{"line":30,"column":24}},{"start":{"line":30,"column":28},"end":{"line":30,"column":46}}],"line":30},"9":{"loc":{"start":{"line":37,"column":2},"end":{"line":39,"column":3}},"type":"if","locations":[{"start":{"line":37,"column":2},"end":{"line":39,"column":3}},{"start":{},"end":{}}],"line":37},"10":{"loc":{"start":{"line":41,"column":2},"end":{"line":43,"column":3}},"type":"if","locations":[{"start":{"line":41,"column":2},"end":{"line":43,"column":3}},{"start":{},"end":{}}],"line":41},"11":{"loc":{"start":{"line":49,"column":2},"end":{"line":51,"column":3}},"type":"if","locations":[{"start":{"line":49,"column":2},"end":{"line":51,"column":3}},{"start":{},"end":{}}],"line":49},"12":{"loc":{"start":{"line":49,"column":6},"end":{"line":49,"column":21}},"type":"binary-expr","locations":[{"start":{"line":49,"column":6},"end":{"line":49,"column":12}},{"start":{"line":49,"column":16},"end":{"line":49,"column":21}}],"line":49},"13":{"loc":{"start":{"line":53,"column":2},"end":{"line":55,"column":3}},"type":"if","locations":[{"start":{"line":53,"column":2},"end":{"line":55,"column":3}},{"start":{},"end":{}}],"line":53},"14":{"loc":{"start":{"line":53,"column":6},"end":{"line":53,"column":29}},"type":"binary-expr","locations":[{"start":{"line":53,"column":6},"end":{"line":53,"column":15}},{"start":{"line":53,"column":19},"end":{"line":53,"column":29}}],"line":53},"15":{"loc":{"start":{"line":58,"column":2},"end":{"line":60,"column":3}},"type":"if","locations":[{"start":{"line":58,"column":2},"end":{"line":60,"column":3}},{"start":{},"end":{}}],"line":58},"16":{"loc":{"start":{"line":66,"column":2},"end":{"line":68,"column":3}},"type":"if","locations":[{"start":{"line":66,"column":2},"end":{"line":68,"column":3}},{"start":{},"end":{}}],"line":66},"17":{"loc":{"start":{"line":66,"column":6},"end":{"line":66,"column":82}},"type":"binary-expr","locations":[{"start":{"line":66,"column":6},"end":{"line":66,"column":28}},{"start":{"line":66,"column":33},"end":{"line":66,"column":57}},{"start":{"line":66,"column":61},"end":{"line":66,"column":81}}],"line":66},"18":{"loc":{"start":{"line":70,"column":2},"end":{"line":72,"column":3}},"type":"if","locations":[{"start":{"line":70,"column":2},"end":{"line":72,"column":3}},{"start":{},"end":{}}],"line":70},"19":{"loc":{"start":{"line":78,"column":2},"end":{"line":80,"column":3}},"type":"if","locations":[{"start":{"line":78,"column":2},"end":{"line":80,"column":3}},{"start":{},"end":{}}],"line":78},"20":{"loc":{"start":{"line":78,"column":6},"end":{"line":78,"column":37}},"type":"binary-expr","locations":[{"start":{"line":78,"column":6},"end":{"line":78,"column":10}},{"start":{"line":78,"column":14},"end":{"line":78,"column":37}}],"line":78},"21":{"loc":{"start":{"line":84,"column":2},"end":{"line":92,"column":3}},"type":"if","locations":[{"start":{"line":84,"column":2},"end":{"line":92,"column":3}},{"start":{"line":88,"column":9},"end":{"line":92,"column":3}}],"line":84},"22":{"loc":{"start":{"line":84,"column":6},"end":{"line":84,"column":48}},"type":"binary-expr","locations":[{"start":{"line":84,"column":6},"end":{"line":84,"column":22}},{"start":{"line":84,"column":26},"end":{"line":84,"column":48}}],"line":84},"23":{"loc":{"start":{"line":85,"column":4},"end":{"line":87,"column":5}},"type":"if","locations":[{"start":{"line":85,"column":4},"end":{"line":87,"column":5}},{"start":{},"end":{}}],"line":85},"24":{"loc":{"start":{"line":89,"column":4},"end":{"line":91,"column":5}},"type":"if","locations":[{"start":{"line":89,"column":4},"end":{"line":91,"column":5}},{"start":{},"end":{}}],"line":89},"25":{"loc":{"start":{"line":89,"column":8},"end":{"line":89,"column":46}},"type":"binary-expr","locations":[{"start":{"line":89,"column":8},"end":{"line":89,"column":25}},{"start":{"line":89,"column":29},"end":{"line":89,"column":46}}],"line":89}},"s":{"0":13,"1":0,"2":0,"3":0,"4":0,"5":0,"6":0,"7":0,"8":0,"9":0,"10":0,"11":0,"12":0,"13":0,"14":0,"15":0,"16":0,"17":0,"18":0,"19":0,"20":0,"21":0,"22":0,"23":0,"24":0,"25":0,"26":0,"27":0,"28":0,"29":0,"30":0,"31":0,"32":0,"33":0,"34":0,"35":0,"36":0,"37":0,"38":0,"39":0,"40":0,"41":0,"42":0,"43":0,"44":0,"45":0,"46":0,"47":13},"f":{"0":0,"1":0,"2":0,"3":0,"4":0},"b":{"0":[0,0],"1":[0,0,0],"2":[0,0],"3":[0,0],"4":[0,0,0,0],"5":[0,0],"6":[0,0],"7":[0,0],"8":[0,0],"9":[0,0],"10":[0,0],"11":[0,0],"12":[0,0],"13":[0,0],"14":[0,0],"15":[0,0],"16":[0,0],"17":[0,0,0],"18":[0,0],"19":[0,0],"20":[0,0],"21":[0,0],"22":[0,0],"23":[0,0],"24":[0,0],"25":[0,0]},"_coverageSchema":"1a1c01bbd47fc00a2c39e90264f33305004495a9","hash":"b59a5a22f8781c99f76d84e24be9494a28c338e7"}
,"C:\\Users\\Eva\\Desktop\\RIRS_naloga_git\\payment-service\\src\\services\\payment_service.js": {"path":"C:\\Users\\Eva\\Desktop\\RIRS_naloga_git\\payment-service\\src\\services\\payment_service.js","statementMap":{"0":{"start":{"line":1,"column":21},"end":{"line":1,"column":55}},"1":{"start":{"line":7,"column":4},"end":{"line":7,"column":40}},"2":{"start":{"line":19,"column":6},"end":{"line":19,"column":17}},"3":{"start":{"line":21,"column":27},"end":{"line":26,"column":3}},"4":{"start":{"line":28,"column":25},"end":{"line":28,"column":55}},"5":{"start":{"line":29,"column":2},"end":{"line":33,"column":4}},"6":{"start":{"line":35,"column":2},"end":{"line":37,"column":3}},"7":{"start":{"line":36,"column":4},"end":{"line":36,"column":63}},"8":{"start":{"line":39,"column":27},"end":{"line":39,"column":70}},"9":{"start":{"line":40,"column":2},"end":{"line":43,"column":4}},"10":{"start":{"line":45,"column":2},"end":{"line":47,"column":3}},"11":{"start":{"line":46,"column":4},"end":{"line":46,"column":65}},"12":{"start":{"line":49,"column":2},"end":{"line":64,"column":3}},"13":{"start":{"line":50,"column":26},"end":{"line":50,"column":64}},"14":{"start":{"line":51,"column":4},"end":{"line":54,"column":6}},"15":{"start":{"line":56,"column":4},"end":{"line":58,"column":5}},"16":{"start":{"line":57,"column":6},"end":{"line":57,"column":64}},"17":{"start":{"line":60,"column":4},"end":{"line":63,"column":6}},"18":{"start":{"line":66,"column":2},"end":{"line":69,"column":31}},"19":{"start":{"line":71,"column":17},"end":{"line":71,"column":83}},"20":{"start":{"line":73,"column":23},"end":{"line":73,"column":66}},"21":{"start":{"line":75,"column":24},"end":{"line":89,"column":4}},"22":{"start":{"line":91,"column":2},"end":{"line":94,"column":4}},"23":{"start":{"line":98,"column":2},"end":{"line":98,"column":47}},"24":{"start":{"line":102,"column":2},"end":{"line":102,"column":50}},"25":{"start":{"line":106,"column":2},"end":{"line":106,"column":63}},"26":{"start":{"line":110,"column":18},"end":{"line":110,"column":28}},"27":{"start":{"line":112,"column":2},"end":{"line":114,"column":3}},"28":{"start":{"line":113,"column":4},"end":{"line":113,"column":32}},"29":{"start":{"line":116,"column":2},"end":{"line":116,"column":55}},"30":{"start":{"line":130,"column":6},"end":{"line":130,"column":17}},"31":{"start":{"line":132,"column":2},"end":{"line":144,"column":3}},"32":{"start":{"line":133,"column":19},"end":{"line":142,"column":6}},"33":{"start":{"line":143,"column":4},"end":{"line":143,"column":70}},"34":{"start":{"line":146,"column":24},"end":{"line":158,"column":4}},"35":{"start":{"line":160,"column":2},"end":{"line":160,"column":54}},"36":{"start":{"line":163,"column":0},"end":{"line":170,"column":2}},"37":{"start":{"line":173,"column":0},"end":{"line":175,"column":2}},"38":{"start":{"line":174,"column":2},"end":{"line":174,"column":42}},"39":{"start":{"line":177,"column":0},"end":{"line":179,"column":2}},"40":{"start":{"line":178,"column":2},"end":{"line":178,"column":58}},"41":{"start":{"line":181,"column":0},"end":{"line":184,"column":2}},"42":{"start":{"line":182,"column":17},"end":{"line":182,"column":51}},"43":{"start":{"line":183,"column":2},"end":{"line":183,"column":27}}},"fnMap":{"0":{"name":"validatePayment","decl":{"start":{"line":9,"column":15},"end":{"line":9,"column":30}},"loc":{"start":{"line":9,"column":44},"end":{"line":95,"column":1}},"line":9},"1":{"name":"getPaymentById","decl":{"start":{"line":97,"column":15},"end":{"line":97,"column":29}},"loc":{"start":{"line":97,"column":41},"end":{"line":99,"column":1}},"line":97},"2":{"name":"getPaymentsByOrderId","decl":{"start":{"line":101,"column":15},"end":{"line":101,"column":35}},"loc":{"start":{"line":101,"column":45},"end":{"line":103,"column":1}},"line":101},"3":{"name":"getPaymentsByUserId","decl":{"start":{"line":105,"column":15},"end":{"line":105,"column":34}},"loc":{"start":{"line":105,"column":67},"end":{"line":107,"column":1}},"line":105},"4":{"name":"updatePaymentStatus","decl":{"start":{"line":109,"column":15},"end":{"line":109,"column":34}},"loc":{"start":{"line":109,"column":69},"end":{"line":117,"column":1}},"line":109},"5":{"name":"createPayment","decl":{"start":{"line":119,"column":15},"end":{"line":119,"column":28}},"loc":{"start":{"line":119,"column":42},"end":{"line":161,"column":1}},"line":119},"6":{"name":"(anonymous_6)","decl":{"start":{"line":173,"column":32},"end":{"line":173,"column":33}},"loc":{"start":{"line":173,"column":55},"end":{"line":175,"column":1}},"line":173},"7":{"name":"(anonymous_7)","decl":{"start":{"line":177,"column":35},"end":{"line":177,"column":36}},"loc":{"start":{"line":177,"column":68},"end":{"line":179,"column":1}},"line":177},"8":{"name":"(anonymous_8)","decl":{"start":{"line":181,"column":30},"end":{"line":181,"column":31}},"loc":{"start":{"line":181,"column":53},"end":{"line":184,"column":1}},"line":181}},"branchMap":{"0":{"loc":{"start":{"line":18,"column":4},"end":{"line":18,"column":20}},"type":"default-arg","locations":[{"start":{"line":18,"column":15},"end":{"line":18,"column":20}}],"line":18},"1":{"loc":{"start":{"line":35,"column":2},"end":{"line":37,"column":3}},"type":"if","locations":[{"start":{"line":35,"column":2},"end":{"line":37,"column":3}},{"start":{},"end":{}}],"line":35},"2":{"loc":{"start":{"line":45,"column":2},"end":{"line":47,"column":3}},"type":"if","locations":[{"start":{"line":45,"column":2},"end":{"line":47,"column":3}},{"start":{},"end":{}}],"line":45},"3":{"loc":{"start":{"line":49,"column":2},"end":{"line":64,"column":3}},"type":"if","locations":[{"start":{"line":49,"column":2},"end":{"line":64,"column":3}},{"start":{"line":59,"column":9},"end":{"line":64,"column":3}}],"line":49},"4":{"loc":{"start":{"line":56,"column":4},"end":{"line":58,"column":5}},"type":"if","locations":[{"start":{"line":56,"column":4},"end":{"line":58,"column":5}},{"start":{},"end":{}}],"line":56},"5":{"loc":{"start":{"line":67,"column":4},"end":{"line":69,"column":30}},"type":"binary-expr","locations":[{"start":{"line":67,"column":4},"end":{"line":67,"column":37}},{"start":{"line":68,"column":4},"end":{"line":68,"column":37}},{"start":{"line":69,"column":4},"end":{"line":69,"column":30}}],"line":67},"6":{"loc":{"start":{"line":71,"column":17},"end":{"line":71,"column":83}},"type":"cond-expr","locations":[{"start":{"line":71,"column":50},"end":{"line":71,"column":61}},{"start":{"line":71,"column":64},"end":{"line":71,"column":83}}],"line":71},"7":{"loc":{"start":{"line":73,"column":23},"end":{"line":73,"column":66}},"type":"cond-expr","locations":[{"start":{"line":73,"column":36},"end":{"line":73,"column":59}},{"start":{"line":73,"column":62},"end":{"line":73,"column":66}}],"line":73},"8":{"loc":{"start":{"line":76,"column":14},"end":{"line":76,"column":29}},"type":"binary-expr","locations":[{"start":{"line":76,"column":14},"end":{"line":76,"column":21}},{"start":{"line":76,"column":25},"end":{"line":76,"column":29}}],"line":76},"9":{"loc":{"start":{"line":77,"column":13},"end":{"line":77,"column":27}},"type":"binary-expr","locations":[{"start":{"line":77,"column":13},"end":{"line":77,"column":19}},{"start":{"line":77,"column":23},"end":{"line":77,"column":27}}],"line":77},"10":{"loc":{"start":{"line":78,"column":12},"end":{"line":78,"column":23}},"type":"binary-expr","locations":[{"start":{"line":78,"column":12},"end":{"line":78,"column":18}},{"start":{"line":78,"column":22},"end":{"line":78,"column":23}}],"line":78},"11":{"loc":{"start":{"line":83,"column":18},"end":{"line":83,"column":37}},"type":"binary-expr","locations":[{"start":{"line":83,"column":18},"end":{"line":83,"column":29}},{"start":{"line":83,"column":33},"end":{"line":83,"column":37}}],"line":83},"12":{"loc":{"start":{"line":84,"column":17},"end":{"line":84,"column":35}},"type":"binary-expr","locations":[{"start":{"line":84,"column":17},"end":{"line":84,"column":27}},{"start":{"line":84,"column":31},"end":{"line":84,"column":35}}],"line":84},"13":{"loc":{"start":{"line":105,"column":43},"end":{"line":105,"column":53}},"type":"default-arg","locations":[{"start":{"line":105,"column":51},"end":{"line":105,"column":53}}],"line":105},"14":{"loc":{"start":{"line":105,"column":55},"end":{"line":105,"column":65}},"type":"default-arg","locations":[{"start":{"line":105,"column":64},"end":{"line":105,"column":65}}],"line":105},"15":{"loc":{"start":{"line":109,"column":54},"end":{"line":109,"column":67}},"type":"default-arg","locations":[{"start":{"line":109,"column":65},"end":{"line":109,"column":67}}],"line":109},"16":{"loc":{"start":{"line":112,"column":2},"end":{"line":114,"column":3}},"type":"if","locations":[{"start":{"line":112,"column":2},"end":{"line":114,"column":3}},{"start":{},"end":{}}],"line":112},"17":{"loc":{"start":{"line":128,"column":4},"end":{"line":128,"column":20}},"type":"default-arg","locations":[{"start":{"line":128,"column":15},"end":{"line":128,"column":20}}],"line":128},"18":{"loc":{"start":{"line":129,"column":4},"end":{"line":129,"column":17}},"type":"default-arg","locations":[{"start":{"line":129,"column":15},"end":{"line":129,"column":17}}],"line":129},"19":{"loc":{"start":{"line":132,"column":2},"end":{"line":144,"column":3}},"type":"if","locations":[{"start":{"line":132,"column":2},"end":{"line":144,"column":3}},{"start":{},"end":{}}],"line":132},"20":{"loc":{"start":{"line":147,"column":14},"end":{"line":147,"column":29}},"type":"binary-expr","locations":[{"start":{"line":147,"column":14},"end":{"line":147,"column":21}},{"start":{"line":147,"column":25},"end":{"line":147,"column":29}}],"line":147},"21":{"loc":{"start":{"line":148,"column":13},"end":{"line":148,"column":27}},"type":"binary-expr","locations":[{"start":{"line":148,"column":13},"end":{"line":148,"column":19}},{"start":{"line":148,"column":23},"end":{"line":148,"column":27}}],"line":148},"22":{"loc":{"start":{"line":149,"column":12},"end":{"line":149,"column":23}},"type":"binary-expr","locations":[{"start":{"line":149,"column":12},"end":{"line":149,"column":18}},{"start":{"line":149,"column":22},"end":{"line":149,"column":23}}],"line":149}},"s":{"0":13,"1":13,"2":0,"3":0,"4":0,"5":0,"6":0,"7":0,"8":0,"9":0,"10":0,"11":0,"12":0,"13":0,"14":0,"15":0,"16":0,"17":0,"18":0,"19":0,"20":0,"21":0,"22":0,"23":0,"24":0,"25":0,"26":0,"27":0,"28":0,"29":0,"30":1,"31":1,"32":0,"33":0,"34":1,"35":1,"36":13,"37":13,"38":1,"39":13,"40":0,"41":13,"42":0,"43":0},"f":{"0":0,"1":0,"2":0,"3":0,"4":0,"5":1,"6":1,"7":0,"8":0},"b":{"0":[0],"1":[0,0],"2":[0,0],"3":[0,0],"4":[0,0],"5":[0,0,0],"6":[0,0],"7":[0,0],"8":[0,0],"9":[0,0],"10":[0,0],"11":[0,0],"12":[0,0],"13":[0],"14":[0],"15":[0],"16":[0,0],"17":[1],"18":[1],"19":[0,1],"20":[1,1],"21":[1,1],"22":[1,1]},"_coverageSchema":"1a1c01bbd47fc00a2c39e90264f33305004495a9","hash":"5cd5dc9f3f6737365e92e4b4568ef27f5a0cf97b"}
,"C:\\Users\\Eva\\Desktop\\RIRS_naloga_git\\payment-service\\src\\utils\\luhn_algorithm.js": {"path":"C:\\Users\\Eva\\Desktop\\RIRS_naloga_git\\payment-service\\src\\utils\\luhn_algorithm.js","statementMap":{"0":{"start":{"line":2,"column":17},"end":{"line":2,"column":46}},"1":{"start":{"line":4,"column":2},"end":{"line":6,"column":3}},"2":{"start":{"line":5,"column":4},"end":{"line":5,"column":17}},"3":{"start":{"line":8,"column":12},"end":{"line":8,"column":13}},"4":{"start":{"line":9,"column":15},"end":{"line":9,"column":20}},"5":{"start":{"line":11,"column":2},"end":{"line":22,"column":3}},"6":{"start":{"line":11,"column":15},"end":{"line":11,"column":32}},"7":{"start":{"line":12,"column":16},"end":{"line":12,"column":39}},"8":{"start":{"line":14,"column":4},"end":{"line":19,"column":5}},"9":{"start":{"line":15,"column":6},"end":{"line":15,"column":17}},"10":{"start":{"line":16,"column":6},"end":{"line":18,"column":7}},"11":{"start":{"line":17,"column":8},"end":{"line":17,"column":19}},"12":{"start":{"line":20,"column":4},"end":{"line":20,"column":17}},"13":{"start":{"line":21,"column":4},"end":{"line":21,"column":21}},"14":{"start":{"line":23,"column":2},"end":{"line":23,"column":24}},"15":{"start":{"line":25,"column":0},"end":{"line":25,"column":31}}},"fnMap":{"0":{"name":"luhnCheck","decl":{"start":{"line":1,"column":9},"end":{"line":1,"column":18}},"loc":{"start":{"line":1,"column":31},"end":{"line":24,"column":1}},"line":1}},"branchMap":{"0":{"loc":{"start":{"line":4,"column":2},"end":{"line":6,"column":3}},"type":"if","locations":[{"start":{"line":4,"column":2},"end":{"line":6,"column":3}},{"start":{},"end":{}}],"line":4},"1":{"loc":{"start":{"line":14,"column":4},"end":{"line":19,"column":5}},"type":"if","locations":[{"start":{"line":14,"column":4},"end":{"line":19,"column":5}},{"start":{},"end":{}}],"line":14},"2":{"loc":{"start":{"line":16,"column":6},"end":{"line":18,"column":7}},"type":"if","locations":[{"start":{"line":16,"column":6},"end":{"line":18,"column":7}},{"start":{},"end":{}}],"line":16}},"s":{"0":10,"1":10,"2":1,"3":9,"4":9,"5":9,"6":9,"7":130,"8":130,"9":64,"10":64,"11":10,"12":130,"13":130,"14":9,"15":14},"f":{"0":10},"b":{"0":[1,9],"1":[64,66],"2":[10,54]},"_coverageSchema":"1a1c01bbd47fc00a2c39e90264f33305004495a9","hash":"a0735fb3b2995b690ecae6c1125bf7c3d6b8645b"}
,"C:\\Users\\Eva\\Desktop\\RIRS_naloga_git\\payment-service\\src\\utils\\user_client.js": {"path":"C:\\Users\\Eva\\Desktop\\RIRS_naloga_git\\payment-service\\src\\utils\\user_client.js","statementMap":{"0":{"start":{"line":1,"column":13},"end":{"line":1,"column":28}},"1":{"start":{"line":3,"column":25},"end":{"line":3,"column":83}},"2":{"start":{"line":6,"column":2},"end":{"line":43,"column":5}},"3":{"start":{"line":7,"column":4},"end":{"line":42,"column":5}},"4":{"start":{"line":8,"column":18},"end":{"line":8,"column":64}},"5":{"start":{"line":9,"column":22},"end":{"line":15,"column":7}},"6":{"start":{"line":17,"column":18},"end":{"line":31,"column":8}},"7":{"start":{"line":18,"column":19},"end":{"line":18,"column":21}},"8":{"start":{"line":19,"column":8},"end":{"line":19,"column":54}},"9":{"start":{"line":19,"column":36},"end":{"line":19,"column":50}},"10":{"start":{"line":20,"column":8},"end":{"line":30,"column":11}},"11":{"start":{"line":21,"column":10},"end":{"line":29,"column":11}},"12":{"start":{"line":22,"column":12},"end":{"line":26,"column":13}},"13":{"start":{"line":23,"column":14},"end":{"line":23,"column":40}},"14":{"start":{"line":25,"column":14},"end":{"line":25,"column":28}},"15":{"start":{"line":28,"column":12},"end":{"line":28,"column":26}},"16":{"start":{"line":33,"column":6},"end":{"line":33,"column":43}},"17":{"start":{"line":33,"column":28},"end":{"line":33,"column":41}},"18":{"start":{"line":34,"column":6},"end":{"line":37,"column":9}},"19":{"start":{"line":35,"column":8},"end":{"line":35,"column":22}},"20":{"start":{"line":36,"column":8},"end":{"line":36,"column":22}},"21":{"start":{"line":39,"column":6},"end":{"line":39,"column":16}},"22":{"start":{"line":41,"column":6},"end":{"line":41,"column":20}},"23":{"start":{"line":46,"column":0},"end":{"line":46,"column":29}}},"fnMap":{"0":{"name":"getUser","decl":{"start":{"line":5,"column":15},"end":{"line":5,"column":22}},"loc":{"start":{"line":5,"column":31},"end":{"line":44,"column":1}},"line":5},"1":{"name":"(anonymous_1)","decl":{"start":{"line":6,"column":21},"end":{"line":6,"column":22}},"loc":{"start":{"line":6,"column":34},"end":{"line":43,"column":3}},"line":6},"2":{"name":"(anonymous_2)","decl":{"start":{"line":17,"column":40},"end":{"line":17,"column":41}},"loc":{"start":{"line":17,"column":49},"end":{"line":31,"column":7}},"line":17},"3":{"name":"(anonymous_3)","decl":{"start":{"line":19,"column":23},"end":{"line":19,"column":24}},"loc":{"start":{"line":19,"column":34},"end":{"line":19,"column":52}},"line":19},"4":{"name":"(anonymous_4)","decl":{"start":{"line":20,"column":22},"end":{"line":20,"column":23}},"loc":{"start":{"line":20,"column":28},"end":{"line":30,"column":9}},"line":20},"5":{"name":"(anonymous_5)","decl":{"start":{"line":33,"column":22},"end":{"line":33,"column":23}},"loc":{"start":{"line":33,"column":28},"end":{"line":33,"column":41}},"line":33},"6":{"name":"(anonymous_6)","decl":{"start":{"line":34,"column":24},"end":{"line":34,"column":25}},"loc":{"start":{"line":34,"column":30},"end":{"line":37,"column":7}},"line":34}},"branchMap":{"0":{"loc":{"start":{"line":3,"column":25},"end":{"line":3,"column":83}},"type":"binary-expr","locations":[{"start":{"line":3,"column":25},"end":{"line":3,"column":53}},{"start":{"line":3,"column":57},"end":{"line":3,"column":83}}],"line":3},"1":{"loc":{"start":{"line":11,"column":14},"end":{"line":11,"column":30}},"type":"binary-expr","locations":[{"start":{"line":11,"column":14},"end":{"line":11,"column":22}},{"start":{"line":11,"column":26},"end":{"line":11,"column":30}}],"line":11},"2":{"loc":{"start":{"line":21,"column":10},"end":{"line":29,"column":11}},"type":"if","locations":[{"start":{"line":21,"column":10},"end":{"line":29,"column":11}},{"start":{"line":27,"column":17},"end":{"line":29,"column":11}}],"line":21}},"s":{"0":0,"1":0,"2":0,"3":0,"4":0,"5":0,"6":0,"7":0,"8":0,"9":0,"10":0,"11":0,"12":0,"13":0,"14":0,"15":0,"16":0,"17":0,"18":0,"19":0,"20":0,"21":0,"22":0,"23":0},"f":{"0":0,"1":0,"2":0,"3":0,"4":0,"5":0,"6":0},"b":{"0":[0,0],"1":[0,0],"2":[0,0]}}
}
