TN:
SF:src\app.js
FN:17,(anonymous_0)
FN:28,(anonymous_1)
FN:46,(anonymous_2)
FN:50,(anonymous_3)
FNF:4
FNH:0
FNDA:0,(anonymous_0)
FNDA:0,(anonymous_1)
FNDA:0,(anonymous_2)
FNDA:0,(anonymous_3)
DA:1,0
DA:2,0
DA:3,0
DA:4,0
DA:5,0
DA:6,0
DA:7,0
DA:9,0
DA:10,0
DA:12,0
DA:15,0
DA:17,0
DA:18,0
DA:19,0
DA:20,0
DA:21,0
DA:23,0
DA:24,0
DA:28,0
DA:29,0
DA:30,0
DA:31,0
DA:32,0
DA:33,0
DA:35,0
DA:36,0
DA:37,0
DA:41,0
DA:42,0
DA:44,0
DA:46,0
DA:47,0
DA:50,0
DA:51,0
LF:34
LH:0
BRDA:10,0,0,0
BRDA:10,0,1,0
BRF:2
BRH:0
end_of_record
TN:
SF:src\swagger.js
FN:24,getSwaggerSpec
FNF:1
FNH:0
FNDA:0,getSwaggerSpec
DA:1,0
DA:2,0
DA:4,0
DA:6,0
DA:25,0
DA:28,0
LF:6
LH:0
BRDA:4,0,0,0
BRDA:4,0,1,0
BRF:2
BRH:0
end_of_record
TN:
SF:src\controllers\payment_controller.js
FN:3,validatePaymentController
FN:108,createPaymentController
FN:179,getPaymentController
FN:195,getPaymentsByOrderController
FN:206,getPaymentsByUserController
FN:225,refundPaymentController
FN:254,updatePaymentController
FN:280,capturePaymentController
FN:303,deletePaymentController
FN:325,cancelPaymentController
FNF:10
FNH:0
FNDA:0,validatePaymentController
FNDA:0,createPaymentController
FNDA:0,getPaymentController
FNDA:0,getPaymentsByOrderController
FNDA:0,getPaymentsByUserController
FNDA:0,refundPaymentController
FNDA:0,updatePaymentController
FNDA:0,capturePaymentController
FNDA:0,deletePaymentController
FNDA:0,cancelPaymentController
DA:1,7
DA:4,0
DA:14,0
DA:16,0
DA:17,0
DA:20,0
DA:21,0
DA:24,0
DA:25,0
DA:28,0
DA:39,0
DA:40,0
DA:47,0
DA:56,0
DA:57,0
DA:109,0
DA:120,0
DA:122,0
DA:123,0
DA:126,0
DA:127,0
DA:128,0
DA:130,0
DA:131,0
DA:135,0
DA:147,0
DA:149,0
DA:150,0
DA:151,0
DA:159,0
DA:168,0
DA:174,0
DA:175,0
DA:180,0
DA:181,0
DA:182,0
DA:184,0
DA:185,0
DA:188,0
DA:190,0
DA:191,0
DA:196,0
DA:197,0
DA:198,0
DA:199,0
DA:201,0
DA:202,0
DA:207,0
DA:208,0
DA:209,0
DA:210,0
DA:212,0
DA:218,0
DA:220,0
DA:221,0
DA:226,0
DA:227,0
DA:229,0
DA:230,0
DA:233,0
DA:239,0
DA:240,0
DA:243,0
DA:249,0
DA:250,0
DA:255,0
DA:256,0
DA:257,0
DA:259,0
DA:260,0
DA:263,0
DA:265,0
DA:266,0
DA:269,0
DA:275,0
DA:276,0
DA:281,0
DA:282,0
DA:284,0
DA:288,0
DA:289,0
DA:292,0
DA:298,0
DA:299,0
DA:304,0
DA:305,0
DA:307,0
DA:311,0
DA:312,0
DA:315,0
DA:320,0
DA:321,0
DA:326,0
DA:327,0
DA:329,0
DA:333,0
DA:334,0
DA:337,0
DA:343,0
DA:344,0
DA:348,7
DA:362,7
DA:363,7
LF:103
LH:4
BRDA:16,0,0,0
BRDA:16,0,1,0
BRDA:20,1,0,0
BRDA:20,1,1,0
BRDA:20,2,0,0
BRDA:20,2,1,0
BRDA:24,3,0,0
BRDA:24,3,1,0
BRDA:39,4,0,0
BRDA:39,4,1,0
BRDA:122,5,0,0
BRDA:122,5,1,0
BRDA:126,6,0,0
BRDA:126,6,1,0
BRDA:127,7,0,0
BRDA:127,7,1,0
BRDA:127,8,0,0
BRDA:127,8,1,0
BRDA:130,9,0,0
BRDA:130,9,1,0
BRDA:137,10,0,0
BRDA:137,10,1,0
BRDA:138,11,0,0
BRDA:138,11,1,0
BRDA:149,12,0,0
BRDA:149,12,1,0
BRDA:150,13,0,0
BRDA:150,13,1,0
BRDA:184,14,0,0
BRDA:184,14,1,0
BRDA:209,15,0,0
BRDA:209,15,1,0
BRDA:210,16,0,0
BRDA:210,16,1,0
BRDA:229,17,0,0
BRDA:229,17,1,0
BRDA:239,18,0,0
BRDA:239,18,1,0
BRDA:259,19,0,0
BRDA:259,19,1,0
BRDA:265,20,0,0
BRDA:265,20,1,0
BRDA:288,21,0,0
BRDA:288,21,1,0
BRDA:311,22,0,0
BRDA:311,22,1,0
BRDA:333,23,0,0
BRDA:333,23,1,0
BRF:48
BRH:0
end_of_record
TN:
SF:src\db\db.js
FN:15,(anonymous_0)
FN:16,(anonymous_1)
FN:17,(anonymous_2)
FN:23,waitForDB
FN:31,(anonymous_4)
FNF:5
FNH:0
FNDA:0,(anonymous_0)
FNDA:0,(anonymous_1)
FNDA:0,(anonymous_2)
FNDA:0,waitForDB
FNDA:0,(anonymous_4)
DA:1,8
DA:2,8
DA:4,8
DA:13,8
DA:14,8
DA:15,0
DA:19,8
DA:21,0
DA:24,0
DA:25,0
DA:26,0
DA:27,0
DA:28,0
DA:30,0
DA:31,0
DA:35,0
DA:38,0
DA:40,0
LF:18
LH:6
BRDA:13,0,0,8
BRDA:13,0,1,0
BRF:2
BRH:1
end_of_record
TN:
SF:src\models\payment_model.js
FN:4,(anonymous_0)
FN:47,(anonymous_1)
FN:54,(anonymous_2)
FN:60,(anonymous_3)
FN:71,(anonymous_4)
FNF:5
FNH:1
FNDA:1,(anonymous_0)
FNDA:0,(anonymous_1)
FNDA:0,(anonymous_2)
FNDA:0,(anonymous_3)
FNDA:0,(anonymous_4)
DA:1,13
DA:3,13
DA:17,1
DA:19,1
DA:27,1
DA:41,1
DA:42,1
DA:44,1
DA:48,0
DA:49,0
DA:50,0
DA:51,0
DA:55,0
DA:56,0
DA:57,0
DA:61,0
DA:67,0
DA:68,0
DA:72,0
DA:73,0
DA:74,0
DA:76,0
DA:77,0
DA:78,0
DA:81,0
DA:82,0
DA:83,0
DA:86,0
DA:87,0
DA:88,0
DA:91,0
DA:92,0
DA:95,0
DA:96,0
DA:98,0
DA:105,0
DA:106,0
DA:107,0
DA:111,13
LF:39
LH:9
BRDA:28,0,0,1
BRDA:28,0,1,1
BRDA:29,1,0,1
BRDA:29,1,1,1
BRDA:31,2,0,1
BRDA:31,2,1,0
BRDA:32,3,0,1
BRDA:32,3,1,0
BRDA:33,4,0,1
BRDA:33,4,1,1
BRDA:34,5,0,1
BRDA:34,5,1,1
BRDA:35,6,0,1
BRDA:35,6,1,1
BRDA:36,7,0,1
BRDA:36,7,1,1
BRDA:37,8,0,0
BRDA:37,8,1,1
BRDA:38,9,0,1
BRDA:38,9,1,0
BRDA:42,10,0,0
BRDA:42,10,1,1
BRDA:42,11,0,1
BRDA:42,11,1,0
BRDA:42,11,2,0
BRDA:50,12,0,0
BRDA:50,12,1,0
BRDA:50,13,0,0
BRDA:50,13,1,0
BRDA:50,14,0,0
BRDA:50,14,1,0
BRDA:57,15,0,0
BRDA:57,15,1,0
BRDA:57,16,0,0
BRDA:57,16,1,0
BRDA:60,17,0,0
BRDA:60,18,0,0
BRDA:68,19,0,0
BRDA:68,19,1,0
BRDA:68,20,0,0
BRDA:68,20,1,0
BRDA:76,21,0,0
BRDA:76,21,1,0
BRDA:81,22,0,0
BRDA:81,22,1,0
BRDA:86,23,0,0
BRDA:86,23,1,0
BRDA:91,24,0,0
BRDA:91,24,1,0
BRDA:106,25,0,0
BRDA:106,25,1,0
BRDA:106,26,0,0
BRDA:106,26,1,0
BRDA:106,27,0,0
BRDA:106,27,1,0
BRF:55
BRH:18
end_of_record
TN:
SF:src\routes\payment_routes.js
FNF:0
FNH:0
DA:1,6
DA:2,6
DA:14,6
DA:178,6
DA:179,6
DA:180,6
DA:200,6
DA:218,6
DA:246,6
DA:279,6
DA:299,6
DA:319,6
DA:339,6
DA:341,6
LF:14
LH:14
BRF:0
BRH:0
end_of_record
TN:
SF:src\services\card_validation_service.js
FN:3,detectCardBrand
FN:23,validateCardNumber
FN:48,validateExpiryDate
FN:77,validateCVV
FN:97,getLastFour
FNF:5
FNH:0
FNDA:0,detectCardBrand
FNDA:0,validateCardNumber
FNDA:0,validateExpiryDate
FNDA:0,validateCVV
FNDA:0,getLastFour
DA:1,13
DA:4,0
DA:6,0
DA:7,0
DA:10,0
DA:11,0
DA:12,0
DA:14,0
DA:16,0
DA:20,0
DA:24,0
DA:25,0
DA:28,0
DA:30,0
DA:31,0
DA:35,0
DA:37,0
DA:38,0
DA:41,0
DA:42,0
DA:45,0
DA:49,0
DA:50,0
DA:53,0
DA:54,0
DA:57,0
DA:58,0
DA:59,0
DA:62,0
DA:63,0
DA:64,0
DA:66,0
DA:67,0
DA:70,0
DA:71,0
DA:74,0
DA:78,0
DA:79,0
DA:82,0
DA:84,0
DA:85,0
DA:86,0
DA:89,0
DA:90,0
DA:94,0
DA:98,0
DA:99,0
DA:102,13
LF:48
LH:2
BRDA:6,0,0,0
BRDA:6,0,1,0
BRDA:6,1,0,0
BRDA:6,1,1,0
BRDA:6,1,2,0
BRDA:10,2,0,0
BRDA:10,2,1,0
BRDA:14,3,0,0
BRDA:14,3,1,0
BRDA:14,4,0,0
BRDA:14,4,1,0
BRDA:14,4,2,0
BRDA:14,4,3,0
BRDA:24,5,0,0
BRDA:24,5,1,0
BRDA:24,6,0,0
BRDA:24,6,1,0
BRDA:30,7,0,0
BRDA:30,7,1,0
BRDA:30,8,0,0
BRDA:30,8,1,0
BRDA:37,9,0,0
BRDA:37,9,1,0
BRDA:41,10,0,0
BRDA:41,10,1,0
BRDA:49,11,0,0
BRDA:49,11,1,0
BRDA:49,12,0,0
BRDA:49,12,1,0
BRDA:53,13,0,0
BRDA:53,13,1,0
BRDA:53,14,0,0
BRDA:53,14,1,0
BRDA:58,15,0,0
BRDA:58,15,1,0
BRDA:66,16,0,0
BRDA:66,16,1,0
BRDA:66,17,0,0
BRDA:66,17,1,0
BRDA:66,17,2,0
BRDA:70,18,0,0
BRDA:70,18,1,0
BRDA:78,19,0,0
BRDA:78,19,1,0
BRDA:78,20,0,0
BRDA:78,20,1,0
BRDA:84,21,0,0
BRDA:84,21,1,0
BRDA:84,22,0,0
BRDA:84,22,1,0
BRDA:85,23,0,0
BRDA:85,23,1,0
BRDA:89,24,0,0
BRDA:89,24,1,0
BRDA:89,25,0,0
BRDA:89,25,1,0
BRF:56
BRH:0
end_of_record
TN:
SF:src\services\payment_service.js
FN:9,validatePayment
FN:97,getPaymentById
FN:101,getPaymentsByOrderId
FN:105,getPaymentsByUserId
FN:109,updatePaymentStatus
FN:119,createPayment
FN:173,(anonymous_6)
FN:177,(anonymous_7)
FN:181,(anonymous_8)
FNF:9
FNH:2
FNDA:0,validatePayment
FNDA:0,getPaymentById
FNDA:0,getPaymentsByOrderId
FNDA:0,getPaymentsByUserId
FNDA:0,updatePaymentStatus
FNDA:1,createPayment
FNDA:1,(anonymous_6)
FNDA:0,(anonymous_7)
FNDA:0,(anonymous_8)
DA:1,13
DA:7,13
DA:19,0
DA:21,0
DA:28,0
DA:29,0
DA:35,0
DA:36,0
DA:39,0
DA:40,0
DA:45,0
DA:46,0
DA:49,0
DA:50,0
DA:51,0
DA:56,0
DA:57,0
DA:60,0
DA:66,0
DA:71,0
DA:73,0
DA:75,0
DA:91,0
DA:98,0
DA:102,0
DA:106,0
DA:110,0
DA:112,0
DA:113,0
DA:116,0
DA:130,1
DA:132,1
DA:133,0
DA:143,0
DA:146,1
DA:160,1
DA:163,13
DA:173,13
DA:174,1
DA:177,13
DA:178,0
DA:181,13
DA:182,0
DA:183,0
LF:44
LH:11
BRDA:18,0,0,0
BRDA:35,1,0,0
BRDA:35,1,1,0
BRDA:45,2,0,0
BRDA:45,2,1,0
BRDA:49,3,0,0
BRDA:49,3,1,0
BRDA:56,4,0,0
BRDA:56,4,1,0
BRDA:67,5,0,0
BRDA:67,5,1,0
BRDA:67,5,2,0
BRDA:71,6,0,0
BRDA:71,6,1,0
BRDA:73,7,0,0
BRDA:73,7,1,0
BRDA:76,8,0,0
BRDA:76,8,1,0
BRDA:77,9,0,0
BRDA:77,9,1,0
BRDA:78,10,0,0
BRDA:78,10,1,0
BRDA:83,11,0,0
BRDA:83,11,1,0
BRDA:84,12,0,0
BRDA:84,12,1,0
BRDA:105,13,0,0
BRDA:105,14,0,0
BRDA:109,15,0,0
BRDA:112,16,0,0
BRDA:112,16,1,0
BRDA:128,17,0,1
BRDA:129,18,0,1
BRDA:132,19,0,0
BRDA:132,19,1,1
BRDA:147,20,0,1
BRDA:147,20,1,1
BRDA:148,21,0,1
BRDA:148,21,1,1
BRDA:149,22,0,1
BRDA:149,22,1,1
BRF:41
BRH:9
end_of_record
TN:
SF:src\utils\luhn_algorithm.js
FN:1,luhnCheck
FNF:1
FNH:1
FNDA:10,luhnCheck
DA:2,10
DA:4,10
DA:5,1
DA:8,9
DA:9,9
DA:11,9
DA:12,130
DA:14,130
DA:15,64
DA:16,64
DA:17,10
DA:20,130
DA:21,130
DA:23,9
DA:25,14
LF:15
LH:15
BRDA:4,0,0,1
BRDA:4,0,1,9
BRDA:14,1,0,64
BRDA:14,1,1,66
BRDA:16,2,0,10
BRDA:16,2,1,54
BRF:6
BRH:6
end_of_record
TN:
SF:src\utils\user_client.js
FN:5,getUser
FN:6,(anonymous_1)
FN:17,(anonymous_2)
FN:19,(anonymous_3)
FN:20,(anonymous_4)
FN:33,(anonymous_5)
FN:34,(anonymous_6)
FNF:7
FNH:0
FNDA:0,getUser
FNDA:0,(anonymous_1)
FNDA:0,(anonymous_2)
FNDA:0,(anonymous_3)
FNDA:0,(anonymous_4)
FNDA:0,(anonymous_5)
FNDA:0,(anonymous_6)
DA:1,0
DA:3,0
DA:6,0
DA:7,0
DA:8,0
DA:9,0
DA:17,0
DA:18,0
DA:19,0
DA:20,0
DA:21,0
DA:22,0
DA:23,0
DA:25,0
DA:28,0
DA:33,0
DA:34,0
DA:35,0
DA:36,0
DA:39,0
DA:41,0
DA:46,0
LF:22
LH:0
BRDA:3,0,0,0
BRDA:3,0,1,0
BRDA:11,1,0,0
BRDA:11,1,1,0
BRDA:21,2,0,0
BRDA:21,2,1,0
BRF:6
BRH:0
end_of_record
