{"C:\\Users\\Eva\\Desktop\\RIRS_naloga_git\\user-service\\src\\app.js": {"path":"C:\\Users\\Eva\\Desktop\\RIRS_naloga_git\\user-service\\src\\app.js","statementMap":{"0":{"start":{"line":1,"column":0},"end":{"line":1,"column":27}},"1":{"start":{"line":2,"column":16},"end":{"line":2,"column":34}},"2":{"start":{"line":3,"column":13},"end":{"line":3,"column":28}},"3":{"start":{"line":5,"column":12},"end":{"line":5,"column":21}},"4":{"start":{"line":6,"column":0},"end":{"line":6,"column":24}},"5":{"start":{"line":7,"column":0},"end":{"line":7,"column":16}},"6":{"start":{"line":10,"column":19},"end":{"line":10,"column":53}},"7":{"start":{"line":11,"column":0},"end":{"line":11,"column":30}},"8":{"start":{"line":14,"column":13},"end":{"line":14,"column":37}},"9":{"start":{"line":16,"column":0},"end":{"line":20,"column":1}},"10":{"start":{"line":17,"column":2},"end":{"line":19,"column":5}},"11":{"start":{"line":18,"column":4},"end":{"line":18,"column":56}},"12":{"start":{"line":22,"column":0},"end":{"line":22,"column":21}}},"fnMap":{"0":{"name":"(anonymous_0)","decl":{"start":{"line":17,"column":19},"end":{"line":17,"column":20}},"loc":{"start":{"line":17,"column":25},"end":{"line":19,"column":3}},"line":17}},"branchMap":{"0":{"loc":{"start":{"line":14,"column":13},"end":{"line":14,"column":37}},"type":"binary-expr","locations":[{"start":{"line":14,"column":13},"end":{"line":14,"column":29}},{"start":{"line":14,"column":33},"end":{"line":14,"column":37}}],"line":14},"1":{"loc":{"start":{"line":16,"column":0},"end":{"line":20,"column":1}},"type":"if","locations":[{"start":{"line":16,"column":0},"end":{"line":20,"column":1}},{"start":{},"end":{}}],"line":16}},"s":{"0":1,"1":1,"2":1,"3":1,"4":1,"5":1,"6":1,"7":1,"8":1,"9":1,"10":0,"11":0,"12":1},"f":{"0":0},"b":{"0":[1,1],"1":[0,1]},"_coverageSchema":"1a1c01bbd47fc00a2c39e90264f33305004495a9","hash":"3a056f52e155664980b2b95d644ab233fa0e8bef"}
,"C:\\Users\\Eva\\Desktop\\RIRS_naloga_git\\user-service\\src\\controllers\\user_controller.js": {"path":"C:\\Users\\Eva\\Desktop\\RIRS_naloga_git\\user-service\\src\\controllers\\user_controller.js","statementMap":{"0":{"start":{"line":1,"column":20},"end":{"line":1,"column":59}},"1":{"start":{"line":3,"column":0},"end":{"line":6,"column":2}},"2":{"start":{"line":4,"column":17},"end":{"line":4,"column":53}},"3":{"start":{"line":5,"column":2},"end":{"line":5,"column":46}},"4":{"start":{"line":8,"column":0},"end":{"line":11,"column":2}},"5":{"start":{"line":9,"column":17},"end":{"line":9,"column":50}},"6":{"start":{"line":10,"column":2},"end":{"line":10,"column":46}},"7":{"start":{"line":13,"column":0},"end":{"line":16,"column":2}},"8":{"start":{"line":14,"column":17},"end":{"line":14,"column":43}},"9":{"start":{"line":15,"column":2},"end":{"line":15,"column":46}},"10":{"start":{"line":18,"column":0},"end":{"line":21,"column":2}},"11":{"start":{"line":19,"column":17},"end":{"line":19,"column":57}},"12":{"start":{"line":20,"column":2},"end":{"line":20,"column":46}},"13":{"start":{"line":23,"column":0},"end":{"line":26,"column":2}},"14":{"start":{"line":24,"column":17},"end":{"line":24,"column":57}},"15":{"start":{"line":25,"column":2},"end":{"line":25,"column":46}},"16":{"start":{"line":28,"column":0},"end":{"line":32,"column":2}},"17":{"start":{"line":29,"column":16},"end":{"line":29,"column":31}},"18":{"start":{"line":30,"column":17},"end":{"line":30,"column":55}},"19":{"start":{"line":31,"column":2},"end":{"line":31,"column":46}},"20":{"start":{"line":34,"column":0},"end":{"line":37,"column":2}},"21":{"start":{"line":35,"column":17},"end":{"line":35,"column":66}},"22":{"start":{"line":36,"column":2},"end":{"line":36,"column":46}},"23":{"start":{"line":39,"column":0},"end":{"line":42,"column":2}},"24":{"start":{"line":40,"column":17},"end":{"line":40,"column":75}},"25":{"start":{"line":41,"column":2},"end":{"line":41,"column":46}},"26":{"start":{"line":44,"column":0},"end":{"line":47,"column":2}},"27":{"start":{"line":45,"column":17},"end":{"line":45,"column":56}},"28":{"start":{"line":46,"column":2},"end":{"line":46,"column":46}},"29":{"start":{"line":49,"column":0},"end":{"line":52,"column":2}},"30":{"start":{"line":50,"column":17},"end":{"line":50,"column":63}},"31":{"start":{"line":51,"column":2},"end":{"line":51,"column":46}}},"fnMap":{"0":{"name":"(anonymous_0)","decl":{"start":{"line":3,"column":19},"end":{"line":3,"column":20}},"loc":{"start":{"line":3,"column":39},"end":{"line":6,"column":1}},"line":3},"1":{"name":"(anonymous_1)","decl":{"start":{"line":8,"column":16},"end":{"line":8,"column":17}},"loc":{"start":{"line":8,"column":36},"end":{"line":11,"column":1}},"line":8},"2":{"name":"(anonymous_2)","decl":{"start":{"line":13,"column":22},"end":{"line":13,"column":23}},"loc":{"start":{"line":13,"column":42},"end":{"line":16,"column":1}},"line":13},"3":{"name":"(anonymous_3)","decl":{"start":{"line":18,"column":22},"end":{"line":18,"column":23}},"loc":{"start":{"line":18,"column":42},"end":{"line":21,"column":1}},"line":18},"4":{"name":"(anonymous_4)","decl":{"start":{"line":23,"column":22},"end":{"line":23,"column":23}},"loc":{"start":{"line":23,"column":42},"end":{"line":26,"column":1}},"line":23},"5":{"name":"(anonymous_5)","decl":{"start":{"line":28,"column":24},"end":{"line":28,"column":25}},"loc":{"start":{"line":28,"column":44},"end":{"line":32,"column":1}},"line":28},"6":{"name":"(anonymous_6)","decl":{"start":{"line":34,"column":21},"end":{"line":34,"column":22}},"loc":{"start":{"line":34,"column":41},"end":{"line":37,"column":1}},"line":34},"7":{"name":"(anonymous_7)","decl":{"start":{"line":39,"column":25},"end":{"line":39,"column":26}},"loc":{"start":{"line":39,"column":45},"end":{"line":42,"column":1}},"line":39},"8":{"name":"(anonymous_8)","decl":{"start":{"line":44,"column":21},"end":{"line":44,"column":22}},"loc":{"start":{"line":44,"column":41},"end":{"line":47,"column":1}},"line":44},"9":{"name":"(anonymous_9)","decl":{"start":{"line":49,"column":24},"end":{"line":49,"column":25}},"loc":{"start":{"line":49,"column":44},"end":{"line":52,"column":1}},"line":49}},"branchMap":{},"s":{"0":10,"1":10,"2":0,"3":0,"4":10,"5":0,"6":0,"7":10,"8":0,"9":0,"10":10,"11":0,"12":0,"13":10,"14":0,"15":0,"16":10,"17":0,"18":0,"19":0,"20":10,"21":0,"22":0,"23":10,"24":0,"25":0,"26":10,"27":0,"28":0,"29":10,"30":0,"31":0},"f":{"0":0,"1":0,"2":0,"3":0,"4":0,"5":0,"6":0,"7":0,"8":0,"9":0},"b":{},"_coverageSchema":"1a1c01bbd47fc00a2c39e90264f33305004495a9","hash":"0069b9dfee2f9116f9f8ead43510962ec2062ce9"}
,"C:\\Users\\Eva\\Desktop\\RIRS_naloga_git\\user-service\\src\\db\\db.js": {"path":"C:\\Users\\Eva\\Desktop\\RIRS_naloga_git\\user-service\\src\\db\\db.js","statementMap":{"0":{"start":{"line":18,"column":17},"end":{"line":18,"column":30}},"1":{"start":{"line":19,"column":0},"end":{"line":19,"column":27}},"2":{"start":{"line":21,"column":15},"end":{"line":27,"column":1}},"3":{"start":{"line":30,"column":0},"end":{"line":61,"column":1}},"4":{"start":{"line":31,"column":19},"end":{"line":35,"column":3}},"5":{"start":{"line":32,"column":24},"end":{"line":32,"column":36}},"6":{"start":{"line":36,"column":2},"end":{"line":36,"column":28}},"7":{"start":{"line":38,"column":15},"end":{"line":38,"column":31}},"8":{"start":{"line":41,"column":2},"end":{"line":50,"column":3}},"9":{"start":{"line":41,"column":15},"end":{"line":41,"column":16}},"10":{"start":{"line":42,"column":4},"end":{"line":49,"column":5}},"11":{"start":{"line":43,"column":6},"end":{"line":43,"column":35}},"12":{"start":{"line":44,"column":6},"end":{"line":44,"column":45}},"13":{"start":{"line":45,"column":6},"end":{"line":45,"column":13}},"14":{"start":{"line":47,"column":6},"end":{"line":47,"column":61}},"15":{"start":{"line":48,"column":6},"end":{"line":48,"column":54}},"16":{"start":{"line":48,"column":31},"end":{"line":48,"column":52}},"17":{"start":{"line":52,"column":2},"end":{"line":52,"column":53}},"18":{"start":{"line":56,"column":2},"end":{"line":58,"column":3}},"19":{"start":{"line":57,"column":4},"end":{"line":57,"column":16}},"20":{"start":{"line":60,"column":2},"end":{"line":60,"column":24}}},"fnMap":{"0":{"name":"(anonymous_0)","decl":{"start":{"line":32,"column":11},"end":{"line":32,"column":12}},"loc":{"start":{"line":32,"column":24},"end":{"line":32,"column":36}},"line":32},"1":{"name":"(anonymous_1)","decl":{"start":{"line":33,"column":13},"end":{"line":33,"column":14}},"loc":{"start":{"line":33,"column":25},"end":{"line":33,"column":27}},"line":33},"2":{"name":"(anonymous_2)","decl":{"start":{"line":34,"column":9},"end":{"line":34,"column":10}},"loc":{"start":{"line":34,"column":21},"end":{"line":34,"column":23}},"line":34},"3":{"name":"waitForDB","decl":{"start":{"line":40,"column":17},"end":{"line":40,"column":26}},"loc":{"start":{"line":40,"column":29},"end":{"line":53,"column":3}},"line":40},"4":{"name":"(anonymous_4)","decl":{"start":{"line":48,"column":24},"end":{"line":48,"column":25}},"loc":{"start":{"line":48,"column":31},"end":{"line":48,"column":52}},"line":48}},"branchMap":{"0":{"loc":{"start":{"line":30,"column":0},"end":{"line":61,"column":1}},"type":"if","locations":[{"start":{"line":30,"column":0},"end":{"line":61,"column":1}},{"start":{"line":37,"column":7},"end":{"line":61,"column":1}}],"line":30},"1":{"loc":{"start":{"line":56,"column":2},"end":{"line":58,"column":3}},"type":"if","locations":[{"start":{"line":56,"column":2},"end":{"line":58,"column":3}},{"start":{},"end":{}}],"line":56}},"s":{"0":11,"1":11,"2":11,"3":11,"4":11,"5":3,"6":11,"7":0,"8":0,"9":0,"10":0,"11":0,"12":0,"13":0,"14":0,"15":0,"16":0,"17":0,"18":0,"19":0,"20":0},"f":{"0":3,"1":0,"2":0,"3":0,"4":0},"b":{"0":[11,0],"1":[0,0]},"_coverageSchema":"1a1c01bbd47fc00a2c39e90264f33305004495a9","hash":"d3cc35de4a56174adf40d2c37723ed5d3717e539"}
,"C:\\Users\\Eva\\Desktop\\RIRS_naloga_git\\user-service\\src\\models\\user_model.js": {"path":"C:\\Users\\Eva\\Desktop\\RIRS_naloga_git\\user-service\\src\\models\\user_model.js","statementMap":{"0":{"start":{"line":1,"column":13},"end":{"line":1,"column":35}},"1":{"start":{"line":3,"column":19},"end":{"line":94,"column":1}},"2":{"start":{"line":5,"column":14},"end":{"line":5,"column":73}},"3":{"start":{"line":6,"column":4},"end":{"line":6,"column":18}},"4":{"start":{"line":10,"column":14},"end":{"line":13,"column":5}},"5":{"start":{"line":14,"column":4},"end":{"line":14,"column":21}},"6":{"start":{"line":18,"column":14},"end":{"line":21,"column":5}},"7":{"start":{"line":22,"column":4},"end":{"line":22,"column":21}},"8":{"start":{"line":26,"column":14},"end":{"line":29,"column":5}},"9":{"start":{"line":30,"column":4},"end":{"line":30,"column":21}},"10":{"start":{"line":34,"column":14},"end":{"line":39,"column":5}},"11":{"start":{"line":40,"column":4},"end":{"line":40,"column":21}},"12":{"start":{"line":44,"column":19},"end":{"line":44,"column":21}},"13":{"start":{"line":45,"column":19},"end":{"line":45,"column":21}},"14":{"start":{"line":46,"column":16},"end":{"line":46,"column":17}},"15":{"start":{"line":48,"column":4},"end":{"line":51,"column":5}},"16":{"start":{"line":49,"column":8},"end":{"line":49,"column":42}},"17":{"start":{"line":50,"column":8},"end":{"line":50,"column":31}},"18":{"start":{"line":53,"column":4},"end":{"line":56,"column":5}},"19":{"start":{"line":54,"column":8},"end":{"line":54,"column":43}},"20":{"start":{"line":55,"column":8},"end":{"line":55,"column":32}},"21":{"start":{"line":58,"column":4},"end":{"line":60,"column":5}},"22":{"start":{"line":59,"column":8},"end":{"line":59,"column":20}},"23":{"start":{"line":62,"column":18},"end":{"line":67,"column":5}},"24":{"start":{"line":69,"column":4},"end":{"line":69,"column":20}},"25":{"start":{"line":71,"column":19},"end":{"line":71,"column":50}},"26":{"start":{"line":72,"column":4},"end":{"line":72,"column":26}},"27":{"start":{"line":76,"column":14},"end":{"line":82,"column":5}},"28":{"start":{"line":83,"column":4},"end":{"line":83,"column":21}},"29":{"start":{"line":87,"column":4},"end":{"line":90,"column":6}},"30":{"start":{"line":96,"column":0},"end":{"line":96,"column":28}}},"fnMap":{"0":{"name":"(anonymous_0)","decl":{"start":{"line":4,"column":10},"end":{"line":4,"column":11}},"loc":{"start":{"line":4,"column":22},"end":{"line":7,"column":3}},"line":4},"1":{"name":"(anonymous_1)","decl":{"start":{"line":9,"column":11},"end":{"line":9,"column":12}},"loc":{"start":{"line":9,"column":25},"end":{"line":15,"column":3}},"line":9},"2":{"name":"(anonymous_2)","decl":{"start":{"line":17,"column":11},"end":{"line":17,"column":12}},"loc":{"start":{"line":17,"column":25},"end":{"line":23,"column":3}},"line":17},"3":{"name":"(anonymous_3)","decl":{"start":{"line":25,"column":15},"end":{"line":25,"column":16}},"loc":{"start":{"line":25,"column":32},"end":{"line":31,"column":3}},"line":25},"4":{"name":"(anonymous_4)","decl":{"start":{"line":33,"column":10},"end":{"line":33,"column":11}},"loc":{"start":{"line":33,"column":53},"end":{"line":41,"column":3}},"line":33},"5":{"name":"(anonymous_5)","decl":{"start":{"line":43,"column":10},"end":{"line":43,"column":11}},"loc":{"start":{"line":43,"column":30},"end":{"line":73,"column":3}},"line":43},"6":{"name":"(anonymous_6)","decl":{"start":{"line":75,"column":14},"end":{"line":75,"column":15}},"loc":{"start":{"line":75,"column":34},"end":{"line":84,"column":5}},"line":75},"7":{"name":"(anonymous_7)","decl":{"start":{"line":86,"column":12},"end":{"line":86,"column":13}},"loc":{"start":{"line":86,"column":26},"end":{"line":91,"column":5}},"line":86}},"branchMap":{"0":{"loc":{"start":{"line":48,"column":4},"end":{"line":51,"column":5}},"type":"if","locations":[{"start":{"line":48,"column":4},"end":{"line":51,"column":5}},{"start":{},"end":{}}],"line":48},"1":{"loc":{"start":{"line":53,"column":4},"end":{"line":56,"column":5}},"type":"if","locations":[{"start":{"line":53,"column":4},"end":{"line":56,"column":5}},{"start":{},"end":{}}],"line":53},"2":{"loc":{"start":{"line":58,"column":4},"end":{"line":60,"column":5}},"type":"if","locations":[{"start":{"line":58,"column":4},"end":{"line":60,"column":5}},{"start":{},"end":{}}],"line":58}},"s":{"0":11,"1":11,"2":0,"3":0,"4":0,"5":0,"6":0,"7":0,"8":2,"9":2,"10":1,"11":1,"12":0,"13":0,"14":0,"15":0,"16":0,"17":0,"18":0,"19":0,"20":0,"21":0,"22":0,"23":0,"24":0,"25":0,"26":0,"27":0,"28":0,"29":0,"30":11},"f":{"0":0,"1":0,"2":0,"3":2,"4":1,"5":0,"6":0,"7":0},"b":{"0":[0,0],"1":[0,0],"2":[0,0]},"_coverageSchema":"1a1c01bbd47fc00a2c39e90264f33305004495a9","hash":"816447a7b8cf5f102ca11078a9e07ee6aaf07b8d"}
,"C:\\Users\\Eva\\Desktop\\RIRS_naloga_git\\user-service\\src\\routes\\user_routes.js": {"path":"C:\\Users\\Eva\\Desktop\\RIRS_naloga_git\\user-service\\src\\routes\\user_routes.js","statementMap":{"0":{"start":{"line":1,"column":16},"end":{"line":1,"column":34}},"1":{"start":{"line":2,"column":15},"end":{"line":2,"column":31}},"2":{"start":{"line":3,"column":19},"end":{"line":3,"column":63}},"3":{"start":{"line":5,"column":0},"end":{"line":5,"column":46}},"4":{"start":{"line":6,"column":0},"end":{"line":6,"column":40}},"5":{"start":{"line":8,"column":0},"end":{"line":8,"column":40}},"6":{"start":{"line":9,"column":0},"end":{"line":9,"column":48}},"7":{"start":{"line":10,"column":0},"end":{"line":10,"column":43}},"8":{"start":{"line":11,"column":0},"end":{"line":11,"column":48}},"9":{"start":{"line":13,"column":0},"end":{"line":13,"column":42}},"10":{"start":{"line":14,"column":0},"end":{"line":14,"column":51}},"11":{"start":{"line":16,"column":0},"end":{"line":16,"column":45}},"12":{"start":{"line":17,"column":0},"end":{"line":17,"column":57}},"13":{"start":{"line":19,"column":0},"end":{"line":19,"column":24}}},"fnMap":{},"branchMap":{},"s":{"0":9,"1":9,"2":9,"3":9,"4":9,"5":9,"6":9,"7":9,"8":9,"9":9,"10":9,"11":9,"12":9,"13":9},"f":{},"b":{},"_coverageSchema":"1a1c01bbd47fc00a2c39e90264f33305004495a9","hash":"bf6421c059364aa451bc6fdcc13f337af8267386"}
,"C:\\Users\\Eva\\Desktop\\RIRS_naloga_git\\user-service\\src\\services\\user_services.js": {"path":"C:\\Users\\Eva\\Desktop\\RIRS_naloga_git\\user-service\\src\\services\\user_services.js","statementMap":{"0":{"start":{"line":1,"column":19},"end":{"line":1,"column":53}},"1":{"start":{"line":2,"column":15},"end":{"line":2,"column":32}},"2":{"start":{"line":5,"column":2},"end":{"line":5,"column":31}},"3":{"start":{"line":9,"column":2},"end":{"line":9,"column":31}},"4":{"start":{"line":13,"column":2},"end":{"line":13,"column":42}},"5":{"start":{"line":16,"column":20},"end":{"line":195,"column":1}},"6":{"start":{"line":18,"column":38},"end":{"line":18,"column":42}},"7":{"start":{"line":21,"column":4},"end":{"line":23,"column":5}},"8":{"start":{"line":22,"column":8},"end":{"line":22,"column":61}},"9":{"start":{"line":26,"column":21},"end":{"line":26,"column":56}},"10":{"start":{"line":27,"column":4},"end":{"line":29,"column":5}},"11":{"start":{"line":28,"column":8},"end":{"line":28,"column":65}},"12":{"start":{"line":32,"column":19},"end":{"line":32,"column":50}},"13":{"start":{"line":35,"column":20},"end":{"line":40,"column":6}},"14":{"start":{"line":42,"column":4},"end":{"line":42,"column":28}},"15":{"start":{"line":47,"column":32},"end":{"line":47,"column":36}},"16":{"start":{"line":49,"column":4},"end":{"line":51,"column":5}},"17":{"start":{"line":50,"column":8},"end":{"line":50,"column":61}},"18":{"start":{"line":54,"column":17},"end":{"line":54,"column":52}},"19":{"start":{"line":55,"column":4},"end":{"line":57,"column":5}},"20":{"start":{"line":56,"column":8},"end":{"line":56,"column":44}},"21":{"start":{"line":60,"column":20},"end":{"line":60,"column":65}},"22":{"start":{"line":61,"column":4},"end":{"line":63,"column":5}},"23":{"start":{"line":62,"column":8},"end":{"line":62,"column":46}},"24":{"start":{"line":66,"column":4},"end":{"line":70,"column":7}},"25":{"start":{"line":75,"column":18},"end":{"line":75,"column":43}},"26":{"start":{"line":76,"column":4},"end":{"line":76,"column":26}},"27":{"start":{"line":80,"column":17},"end":{"line":80,"column":45}},"28":{"start":{"line":81,"column":4},"end":{"line":81,"column":51}},"29":{"start":{"line":81,"column":15},"end":{"line":81,"column":51}},"30":{"start":{"line":82,"column":4},"end":{"line":82,"column":25}},"31":{"start":{"line":86,"column":17},"end":{"line":86,"column":45}},"32":{"start":{"line":87,"column":4},"end":{"line":87,"column":51}},"33":{"start":{"line":87,"column":15},"end":{"line":87,"column":51}},"34":{"start":{"line":88,"column":4},"end":{"line":88,"column":40}},"35":{"start":{"line":92,"column":17},"end":{"line":92,"column":45}},"36":{"start":{"line":93,"column":4},"end":{"line":95,"column":5}},"37":{"start":{"line":94,"column":8},"end":{"line":94,"column":44}},"38":{"start":{"line":98,"column":28},"end":{"line":98,"column":32}},"39":{"start":{"line":100,"column":4},"end":{"line":102,"column":5}},"40":{"start":{"line":101,"column":8},"end":{"line":101,"column":47}},"41":{"start":{"line":105,"column":4},"end":{"line":110,"column":5}},"42":{"start":{"line":106,"column":25},"end":{"line":106,"column":60}},"43":{"start":{"line":107,"column":8},"end":{"line":109,"column":9}},"44":{"start":{"line":108,"column":12},"end":{"line":108,"column":54}},"45":{"start":{"line":112,"column":20},"end":{"line":112,"column":64}},"46":{"start":{"line":113,"column":4},"end":{"line":113,"column":28}},"47":{"start":{"line":119,"column":17},"end":{"line":119,"column":45}},"48":{"start":{"line":120,"column":4},"end":{"line":122,"column":5}},"49":{"start":{"line":121,"column":8},"end":{"line":121,"column":44}},"50":{"start":{"line":125,"column":4},"end":{"line":127,"column":5}},"51":{"start":{"line":126,"column":8},"end":{"line":126,"column":46}},"52":{"start":{"line":130,"column":25},"end":{"line":130,"column":45}},"53":{"start":{"line":131,"column":4},"end":{"line":133,"column":5}},"54":{"start":{"line":132,"column":8},"end":{"line":132,"column":42}},"55":{"start":{"line":136,"column":4},"end":{"line":138,"column":5}},"56":{"start":{"line":137,"column":8},"end":{"line":137,"column":56}},"57":{"start":{"line":141,"column":20},"end":{"line":141,"column":57}},"58":{"start":{"line":143,"column":4},"end":{"line":148,"column":7}},"59":{"start":{"line":154,"column":17},"end":{"line":154,"column":45}},"60":{"start":{"line":155,"column":4},"end":{"line":157,"column":5}},"61":{"start":{"line":156,"column":8},"end":{"line":156,"column":44}},"62":{"start":{"line":160,"column":4},"end":{"line":160,"column":32}},"63":{"start":{"line":162,"column":4},"end":{"line":162,"column":48}},"64":{"start":{"line":167,"column":17},"end":{"line":167,"column":45}},"65":{"start":{"line":168,"column":4},"end":{"line":170,"column":5}},"66":{"start":{"line":169,"column":8},"end":{"line":169,"column":44}},"67":{"start":{"line":173,"column":4},"end":{"line":173,"column":52}},"68":{"start":{"line":178,"column":4},"end":{"line":180,"column":5}},"69":{"start":{"line":179,"column":8},"end":{"line":179,"column":63}},"70":{"start":{"line":182,"column":17},"end":{"line":182,"column":52}},"71":{"start":{"line":183,"column":4},"end":{"line":185,"column":5}},"72":{"start":{"line":184,"column":8},"end":{"line":184,"column":44}},"73":{"start":{"line":187,"column":4},"end":{"line":192,"column":7}},"74":{"start":{"line":197,"column":0},"end":{"line":197,"column":29}}},"fnMap":{"0":{"name":"success","decl":{"start":{"line":4,"column":9},"end":{"line":4,"column":16}},"loc":{"start":{"line":4,"column":23},"end":{"line":6,"column":1}},"line":4},"1":{"name":"created","decl":{"start":{"line":8,"column":9},"end":{"line":8,"column":16}},"loc":{"start":{"line":8,"column":23},"end":{"line":10,"column":1}},"line":8},"2":{"name":"error","decl":{"start":{"line":12,"column":9},"end":{"line":12,"column":14}},"loc":{"start":{"line":12,"column":34},"end":{"line":14,"column":1}},"line":12},"3":{"name":"(anonymous_3)","decl":{"start":{"line":17,"column":12},"end":{"line":17,"column":13}},"loc":{"start":{"line":17,"column":28},"end":{"line":43,"column":5}},"line":17},"4":{"name":"(anonymous_4)","decl":{"start":{"line":46,"column":9},"end":{"line":46,"column":10}},"loc":{"start":{"line":46,"column":25},"end":{"line":71,"column":5}},"line":46},"5":{"name":"(anonymous_5)","decl":{"start":{"line":74,"column":10},"end":{"line":74,"column":11}},"loc":{"start":{"line":74,"column":22},"end":{"line":77,"column":3}},"line":74},"6":{"name":"(anonymous_6)","decl":{"start":{"line":79,"column":11},"end":{"line":79,"column":12}},"loc":{"start":{"line":79,"column":25},"end":{"line":83,"column":3}},"line":79},"7":{"name":"(anonymous_7)","decl":{"start":{"line":85,"column":11},"end":{"line":85,"column":12}},"loc":{"start":{"line":85,"column":25},"end":{"line":89,"column":3}},"line":85},"8":{"name":"(anonymous_8)","decl":{"start":{"line":91,"column":10},"end":{"line":91,"column":11}},"loc":{"start":{"line":91,"column":30},"end":{"line":114,"column":5}},"line":91},"9":{"name":"(anonymous_9)","decl":{"start":{"line":117,"column":14},"end":{"line":117,"column":15}},"loc":{"start":{"line":117,"column":34},"end":{"line":149,"column":5}},"line":117},"10":{"name":"(anonymous_10)","decl":{"start":{"line":152,"column":10},"end":{"line":152,"column":11}},"loc":{"start":{"line":152,"column":24},"end":{"line":163,"column":5}},"line":152},"11":{"name":"(anonymous_11)","decl":{"start":{"line":166,"column":17},"end":{"line":166,"column":18}},"loc":{"start":{"line":166,"column":31},"end":{"line":174,"column":5}},"line":166},"12":{"name":"(anonymous_12)","decl":{"start":{"line":177,"column":17},"end":{"line":177,"column":18}},"loc":{"start":{"line":177,"column":34},"end":{"line":193,"column":5}},"line":177}},"branchMap":{"0":{"loc":{"start":{"line":12,"column":20},"end":{"line":12,"column":32}},"type":"default-arg","locations":[{"start":{"line":12,"column":29},"end":{"line":12,"column":32}}],"line":12},"1":{"loc":{"start":{"line":21,"column":4},"end":{"line":23,"column":5}},"type":"if","locations":[{"start":{"line":21,"column":4},"end":{"line":23,"column":5}},{"start":{},"end":{}}],"line":21},"2":{"loc":{"start":{"line":21,"column":8},"end":{"line":21,"column":27}},"type":"binary-expr","locations":[{"start":{"line":21,"column":8},"end":{"line":21,"column":14}},{"start":{"line":21,"column":18},"end":{"line":21,"column":27}}],"line":21},"3":{"loc":{"start":{"line":27,"column":4},"end":{"line":29,"column":5}},"type":"if","locations":[{"start":{"line":27,"column":4},"end":{"line":29,"column":5}},{"start":{},"end":{}}],"line":27},"4":{"loc":{"start":{"line":38,"column":14},"end":{"line":38,"column":26}},"type":"binary-expr","locations":[{"start":{"line":38,"column":14},"end":{"line":38,"column":18}},{"start":{"line":38,"column":22},"end":{"line":38,"column":26}}],"line":38},"5":{"loc":{"start":{"line":49,"column":4},"end":{"line":51,"column":5}},"type":"if","locations":[{"start":{"line":49,"column":4},"end":{"line":51,"column":5}},{"start":{},"end":{}}],"line":49},"6":{"loc":{"start":{"line":49,"column":8},"end":{"line":49,"column":27}},"type":"binary-expr","locations":[{"start":{"line":49,"column":8},"end":{"line":49,"column":14}},{"start":{"line":49,"column":18},"end":{"line":49,"column":27}}],"line":49},"7":{"loc":{"start":{"line":55,"column":4},"end":{"line":57,"column":5}},"type":"if","locations":[{"start":{"line":55,"column":4},"end":{"line":57,"column":5}},{"start":{},"end":{}}],"line":55},"8":{"loc":{"start":{"line":61,"column":4},"end":{"line":63,"column":5}},"type":"if","locations":[{"start":{"line":61,"column":4},"end":{"line":63,"column":5}},{"start":{},"end":{}}],"line":61},"9":{"loc":{"start":{"line":81,"column":4},"end":{"line":81,"column":51}},"type":"if","locations":[{"start":{"line":81,"column":4},"end":{"line":81,"column":51}},{"start":{},"end":{}}],"line":81},"10":{"loc":{"start":{"line":87,"column":4},"end":{"line":87,"column":51}},"type":"if","locations":[{"start":{"line":87,"column":4},"end":{"line":87,"column":51}},{"start":{},"end":{}}],"line":87},"11":{"loc":{"start":{"line":93,"column":4},"end":{"line":95,"column":5}},"type":"if","locations":[{"start":{"line":93,"column":4},"end":{"line":95,"column":5}},{"start":{},"end":{}}],"line":93},"12":{"loc":{"start":{"line":100,"column":4},"end":{"line":102,"column":5}},"type":"if","locations":[{"start":{"line":100,"column":4},"end":{"line":102,"column":5}},{"start":{},"end":{}}],"line":100},"13":{"loc":{"start":{"line":100,"column":8},"end":{"line":100,"column":23}},"type":"binary-expr","locations":[{"start":{"line":100,"column":8},"end":{"line":100,"column":13}},{"start":{"line":100,"column":17},"end":{"line":100,"column":23}}],"line":100},"14":{"loc":{"start":{"line":105,"column":4},"end":{"line":110,"column":5}},"type":"if","locations":[{"start":{"line":105,"column":4},"end":{"line":110,"column":5}},{"start":{},"end":{}}],"line":105},"15":{"loc":{"start":{"line":107,"column":8},"end":{"line":109,"column":9}},"type":"if","locations":[{"start":{"line":107,"column":8},"end":{"line":109,"column":9}},{"start":{},"end":{}}],"line":107},"16":{"loc":{"start":{"line":107,"column":12},"end":{"line":107,"column":41}},"type":"binary-expr","locations":[{"start":{"line":107,"column":12},"end":{"line":107,"column":20}},{"start":{"line":107,"column":24},"end":{"line":107,"column":41}}],"line":107},"17":{"loc":{"start":{"line":120,"column":4},"end":{"line":122,"column":5}},"type":"if","locations":[{"start":{"line":120,"column":4},"end":{"line":122,"column":5}},{"start":{},"end":{}}],"line":120},"18":{"loc":{"start":{"line":125,"column":4},"end":{"line":127,"column":5}},"type":"if","locations":[{"start":{"line":125,"column":4},"end":{"line":127,"column":5}},{"start":{},"end":{}}],"line":125},"19":{"loc":{"start":{"line":131,"column":4},"end":{"line":133,"column":5}},"type":"if","locations":[{"start":{"line":131,"column":4},"end":{"line":133,"column":5}},{"start":{},"end":{}}],"line":131},"20":{"loc":{"start":{"line":136,"column":4},"end":{"line":138,"column":5}},"type":"if","locations":[{"start":{"line":136,"column":4},"end":{"line":138,"column":5}},{"start":{},"end":{}}],"line":136},"21":{"loc":{"start":{"line":155,"column":4},"end":{"line":157,"column":5}},"type":"if","locations":[{"start":{"line":155,"column":4},"end":{"line":157,"column":5}},{"start":{},"end":{}}],"line":155},"22":{"loc":{"start":{"line":168,"column":4},"end":{"line":170,"column":5}},"type":"if","locations":[{"start":{"line":168,"column":4},"end":{"line":170,"column":5}},{"start":{},"end":{}}],"line":168},"23":{"loc":{"start":{"line":178,"column":4},"end":{"line":180,"column":5}},"type":"if","locations":[{"start":{"line":178,"column":4},"end":{"line":180,"column":5}},{"start":{},"end":{}}],"line":178},"24":{"loc":{"start":{"line":183,"column":4},"end":{"line":185,"column":5}},"type":"if","locations":[{"start":{"line":183,"column":4},"end":{"line":185,"column":5}},{"start":{},"end":{}}],"line":183}},"s":{"0":11,"1":11,"2":0,"3":1,"4":6,"5":11,"6":4,"7":4,"8":3,"9":1,"10":1,"11":0,"12":1,"13":1,"14":1,"15":3,"16":3,"17":2,"18":1,"19":1,"20":1,"21":0,"22":0,"23":0,"24":0,"25":0,"26":0,"27":0,"28":0,"29":0,"30":0,"31":0,"32":0,"33":0,"34":0,"35":0,"36":0,"37":0,"38":0,"39":0,"40":0,"41":0,"42":0,"43":0,"44":0,"45":0,"46":0,"47":0,"48":0,"49":0,"50":0,"51":0,"52":0,"53":0,"54":0,"55":0,"56":0,"57":0,"58":0,"59":0,"60":0,"61":0,"62":0,"63":0,"64":0,"65":0,"66":0,"67":0,"68":0,"69":0,"70":0,"71":0,"72":0,"73":0,"74":11},"f":{"0":0,"1":1,"2":6,"3":4,"4":3,"5":0,"6":0,"7":0,"8":0,"9":0,"10":0,"11":0,"12":0},"b":{"0":[0],"1":[3,1],"2":[4,2],"3":[0,1],"4":[1,1],"5":[2,1],"6":[3,2],"7":[1,0],"8":[0,0],"9":[0,0],"10":[0,0],"11":[0,0],"12":[0,0],"13":[0,0],"14":[0,0],"15":[0,0],"16":[0,0],"17":[0,0],"18":[0,0],"19":[0,0],"20":[0,0],"21":[0,0],"22":[0,0],"23":[0,0],"24":[0,0]},"_coverageSchema":"1a1c01bbd47fc00a2c39e90264f33305004495a9","hash":"2773eda82ebe07c21c914ae986af1610ad0d45fd"}
}
